{"/Users/lemon/Documents/codes/others/baselib/src/config/config.manager.ts": {"path":"/Users/lemon/Documents/codes/others/baselib/src/config/config.manager.ts","statementMap":{"0":{"start":{"line":2,"column":0},"end":{"line":2,"column":37}},"1":{"start":{"line":5,"column":19},"end":{"line":5,"column":24}},"2":{"start":{"line":6,"column":50},"end":{"line":6,"column":54}},"3":{"start":{"line":9,"column":2},"end":{"line":12,"column":3}},"4":{"start":{"line":10,"column":4},"end":{"line":10,"column":31}},"5":{"start":{"line":11,"column":4},"end":{"line":11,"column":24}},"6":{"start":{"line":15,"column":13},"end":{"line":87,"column":2}},"7":{"start":{"line":24,"column":4},"end":{"line":24,"column":17}},"8":{"start":{"line":25,"column":19},"end":{"line":25,"column":48}},"9":{"start":{"line":26,"column":4},"end":{"line":33,"column":5}},"10":{"start":{"line":27,"column":6},"end":{"line":32,"column":8}},"11":{"start":{"line":34,"column":4},"end":{"line":34,"column":34}},"12":{"start":{"line":35,"column":4},"end":{"line":35,"column":23}},"13":{"start":{"line":45,"column":4},"end":{"line":50,"column":5}},"14":{"start":{"line":46,"column":6},"end":{"line":46,"column":19}},"15":{"start":{"line":47,"column":20},"end":{"line":47,"column":46}},"16":{"start":{"line":48,"column":6},"end":{"line":48,"column":104}},"17":{"start":{"line":48,"column":31},"end":{"line":48,"column":104}},"18":{"start":{"line":49,"column":6},"end":{"line":49,"column":27}},"19":{"start":{"line":51,"column":4},"end":{"line":51,"column":42}},"20":{"start":{"line":60,"column":4},"end":{"line":63,"column":5}},"21":{"start":{"line":61,"column":6},"end":{"line":61,"column":19}},"22":{"start":{"line":62,"column":6},"end":{"line":62,"column":60}},"23":{"start":{"line":64,"column":4},"end":{"line":64,"column":42}},"24":{"start":{"line":74,"column":18},"end":{"line":74,"column":39}},"25":{"start":{"line":75,"column":4},"end":{"line":75,"column":29}},"26":{"start":{"line":82,"column":4},"end":{"line":82,"column":25}},"27":{"start":{"line":83,"column":4},"end":{"line":83,"column":27}},"28":{"start":{"line":85,"column":4},"end":{"line":85,"column":52}}},"fnMap":{"0":{"name":"loadDotenv","decl":{"start":{"line":8,"column":9},"end":{"line":8,"column":19}},"loc":{"start":{"line":8,"column":19},"end":{"line":13,"column":1}}},"1":{"name":"(anonymous_1)","decl":{"start":{"line":23,"column":2},"end":{"line":23,"column":17}},"loc":{"start":{"line":23,"column":53},"end":{"line":36,"column":3}}},"2":{"name":"(anonymous_2)","decl":{"start":{"line":44,"column":2},"end":{"line":44,"column":5}},"loc":{"start":{"line":44,"column":40},"end":{"line":52,"column":3}}},"3":{"name":"(anonymous_3)","decl":{"start":{"line":59,"column":2},"end":{"line":59,"column":13}},"loc":{"start":{"line":59,"column":48},"end":{"line":65,"column":3}}},"4":{"name":"(anonymous_4)","decl":{"start":{"line":73,"column":2},"end":{"line":73,"column":14}},"loc":{"start":{"line":73,"column":65},"end":{"line":76,"column":3}}},"5":{"name":"(anonymous_5)","decl":{"start":{"line":81,"column":2},"end":{"line":81,"column":8}},"loc":{"start":{"line":81,"column":8},"end":{"line":86,"column":3}}}},"branchMap":{"0":{"loc":{"start":{"line":9,"column":2},"end":{"line":12,"column":3}},"type":"if","locations":[{"start":{"line":9,"column":2},"end":{"line":12,"column":3}}]},"1":{"loc":{"start":{"line":26,"column":4},"end":{"line":33,"column":5}},"type":"if","locations":[{"start":{"line":26,"column":4},"end":{"line":33,"column":5}}]},"2":{"loc":{"start":{"line":45,"column":4},"end":{"line":50,"column":5}},"type":"if","locations":[{"start":{"line":45,"column":4},"end":{"line":50,"column":5}}]},"3":{"loc":{"start":{"line":48,"column":6},"end":{"line":48,"column":104}},"type":"if","locations":[{"start":{"line":48,"column":6},"end":{"line":48,"column":104}}]},"4":{"loc":{"start":{"line":60,"column":4},"end":{"line":63,"column":5}},"type":"if","locations":[{"start":{"line":60,"column":4},"end":{"line":63,"column":5}}]},"5":{"loc":{"start":{"line":75,"column":11},"end":{"line":75,"column":28}},"type":"cond-expr","locations":[{"start":{"line":75,"column":11},"end":{"line":75,"column":16}},{"start":{"line":75,"column":20},"end":{"line":75,"column":28}}]},"6":{"loc":{"start":{"line":75,"column":11},"end":{"line":75,"column":20}},"type":"binary-expr","locations":[{"start":{"line":75,"column":11},"end":{"line":75,"column":20}},{"start":{"line":75,"column":11},"end":{"line":75,"column":20}}]}},"s":{"0":1,"1":1,"2":1,"3":11,"4":9,"5":9,"6":1,"7":9,"8":9,"9":9,"10":2,"11":7,"12":7,"13":5,"14":2,"15":2,"16":2,"17":2,"18":0,"19":3,"20":4,"21":0,"22":0,"23":4,"24":2,"25":2,"26":10,"27":10,"28":10},"f":{"0":11,"1":9,"2":5,"3":4,"4":2,"5":10},"b":{"0":[9],"1":[2],"2":[2],"3":[2],"4":[0],"5":[1,1],"6":[2,2]}}
,"/Users/lemon/Documents/codes/others/baselib/src/email/email.manager.ts": {"path":"/Users/lemon/Documents/codes/others/baselib/src/email/email.manager.ts","statementMap":{"0":{"start":{"line":2,"column":0},"end":{"line":2,"column":90}},"1":{"start":{"line":3,"column":0},"end":{"line":3,"column":78}},"2":{"start":{"line":5,"column":37},"end":{"line":5,"column":41}},"3":{"start":{"line":6,"column":46},"end":{"line":6,"column":50}},"4":{"start":{"line":8,"column":13},"end":{"line":34,"column":2}},"5":{"start":{"line":10,"column":4},"end":{"line":10,"column":17}},"6":{"start":{"line":13,"column":4},"end":{"line":13,"column":26}},"7":{"start":{"line":16,"column":4},"end":{"line":16,"column":45}},"8":{"start":{"line":19,"column":4},"end":{"line":19,"column":50}},"9":{"start":{"line":22,"column":4},"end":{"line":24,"column":5}},"10":{"start":{"line":23,"column":6},"end":{"line":23,"column":116}},"11":{"start":{"line":25,"column":4},"end":{"line":32,"column":5}},"12":{"start":{"line":26,"column":6},"end":{"line":26,"column":47}},"13":{"start":{"line":28,"column":6},"end":{"line":30,"column":7}},"14":{"start":{"line":29,"column":8},"end":{"line":29,"column":52}},"15":{"start":{"line":31,"column":6},"end":{"line":31,"column":16}}},"fnMap":{"0":{"name":"(anonymous_0)","decl":{"start":{"line":9,"column":2},"end":{"line":9,"column":13}},"loc":{"start":{"line":9,"column":30},"end":{"line":11,"column":3}}},"1":{"name":"(anonymous_1)","decl":{"start":{"line":12,"column":2},"end":{"line":12,"column":22}},"loc":{"start":{"line":12,"column":39},"end":{"line":14,"column":3}}},"2":{"name":"(anonymous_2)","decl":{"start":{"line":15,"column":2},"end":{"line":15,"column":20}},"loc":{"start":{"line":15,"column":53},"end":{"line":17,"column":3}}},"3":{"name":"(anonymous_3)","decl":{"start":{"line":18,"column":2},"end":{"line":18,"column":18}},"loc":{"start":{"line":18,"column":47},"end":{"line":20,"column":3}}},"4":{"name":"(anonymous_4)","decl":{"start":{"line":21,"column":2},"end":{"line":21,"column":7}},"loc":{"start":{"line":21,"column":39},"end":{"line":33,"column":3}}}},"branchMap":{"0":{"loc":{"start":{"line":22,"column":4},"end":{"line":24,"column":5}},"type":"if","locations":[{"start":{"line":22,"column":4},"end":{"line":24,"column":5}}]},"1":{"loc":{"start":{"line":28,"column":6},"end":{"line":30,"column":7}},"type":"if","locations":[{"start":{"line":28,"column":6},"end":{"line":30,"column":7}}]}},"s":{"0":1,"1":1,"2":1,"3":1,"4":1,"5":5,"6":4,"7":0,"8":0,"9":3,"10":1,"11":2,"12":2,"13":1,"14":1,"15":0},"f":{"0":5,"1":4,"2":0,"3":0,"4":3},"b":{"0":[1],"1":[1]}}
,"/Users/lemon/Documents/codes/others/baselib/src/email/index.ts": {"path":"/Users/lemon/Documents/codes/others/baselib/src/email/index.ts","statementMap":{"0":{"start":{"line":1,"column":0},"end":{"line":1,"column":32}},"1":{"start":{"line":2,"column":0},"end":{"line":2,"column":24}},"2":{"start":{"line":3,"column":0},"end":{"line":3,"column":42}},"3":{"start":{"line":4,"column":0},"end":{"line":4,"column":46}}},"fnMap":{},"branchMap":{},"s":{"0":1,"1":1,"2":1,"3":1},"f":{},"b":{}}
,"/Users/lemon/Documents/codes/others/baselib/src/email/providers/sendgrid.provider.ts": {"path":"/Users/lemon/Documents/codes/others/baselib/src/email/providers/sendgrid.provider.ts","statementMap":{"0":{"start":{"line":1,"column":0},"end":{"line":1,"column":36}},"1":{"start":{"line":12,"column":22},"end":{"line":12,"column":54}},"2":{"start":{"line":13,"column":4},"end":{"line":13,"column":37}},"3":{"start":{"line":14,"column":4},"end":{"line":14,"column":29}},"4":{"start":{"line":18,"column":4},"end":{"line":34,"column":5}},"5":{"start":{"line":19,"column":23},"end":{"line":28,"column":8}},"6":{"start":{"line":29,"column":25},"end":{"line":29,"column":47}},"7":{"start":{"line":30,"column":24},"end":{"line":30,"column":92}},"8":{"start":{"line":31,"column":6},"end":{"line":31,"column":42}},"9":{"start":{"line":33,"column":6},"end":{"line":33,"column":39}},"10":{"start":{"line":9,"column":0},"end":{"line":9,"column":13}}},"fnMap":{"0":{"name":"(anonymous_1)","decl":{"start":{"line":12,"column":2},"end":{"line":12,"column":22}},"loc":{"start":{"line":12,"column":54},"end":{"line":15,"column":3}}},"1":{"name":"(anonymous_2)","decl":{"start":{"line":17,"column":2},"end":{"line":17,"column":7}},"loc":{"start":{"line":17,"column":39},"end":{"line":35,"column":3}}}},"branchMap":{"0":{"loc":{"start":{"line":21,"column":14},"end":{"line":21,"column":39}},"type":"binary-expr","locations":[{"start":{"line":21,"column":14},"end":{"line":21,"column":26}},{"start":{"line":21,"column":30},"end":{"line":21,"column":39}}]},"1":{"loc":{"start":{"line":30,"column":24},"end":{"line":30,"column":92}},"type":"binary-expr","locations":[{"start":{"line":30,"column":24},"end":{"line":30,"column":56}},{"start":{"line":30,"column":60},"end":{"line":30,"column":92}}]}},"s":{"0":2,"1":5,"2":5,"3":5,"4":4,"5":4,"6":4,"7":3,"8":3,"9":1,"10":2},"f":{"0":5,"1":4},"b":{"0":[4,3],"1":[3,0]}}
,"/Users/lemon/Documents/codes/others/baselib/src/email/providers/smtp.provider.ts": {"path":"/Users/lemon/Documents/codes/others/baselib/src/email/providers/smtp.provider.ts","statementMap":{"0":{"start":{"line":1,"column":0},"end":{"line":1,"column":53}},"1":{"start":{"line":17,"column":4},"end":{"line":22,"column":7}},"2":{"start":{"line":23,"column":4},"end":{"line":23,"column":36}},"3":{"start":{"line":27,"column":4},"end":{"line":41,"column":5}},"4":{"start":{"line":28,"column":19},"end":{"line":37,"column":8}},"5":{"start":{"line":38,"column":6},"end":{"line":38,"column":58}},"6":{"start":{"line":40,"column":6},"end":{"line":40,"column":39}},"7":{"start":{"line":12,"column":0},"end":{"line":12,"column":13}}},"fnMap":{"0":{"name":"(anonymous_1)","decl":{"start":{"line":16,"column":2},"end":{"line":16,"column":14}},"loc":{"start":{"line":16,"column":42},"end":{"line":24,"column":3}}},"1":{"name":"(anonymous_2)","decl":{"start":{"line":26,"column":2},"end":{"line":26,"column":7}},"loc":{"start":{"line":26,"column":39},"end":{"line":42,"column":3}}}},"branchMap":{"0":{"loc":{"start":{"line":20,"column":14},"end":{"line":20,"column":37}},"type":"cond-expr","locations":[{"start":{"line":20,"column":28},"end":{"line":20,"column":32}},{"start":{"line":20,"column":32},"end":{"line":20,"column":37}}]},"1":{"loc":{"start":{"line":20,"column":14},"end":{"line":20,"column":32}},"type":"binary-expr","locations":[{"start":{"line":20,"column":14},"end":{"line":20,"column":32}},{"start":{"line":20,"column":28},"end":{"line":20,"column":32}}]},"2":{"loc":{"start":{"line":29,"column":14},"end":{"line":29,"column":46}},"type":"binary-expr","locations":[{"start":{"line":29,"column":14},"end":{"line":29,"column":26}},{"start":{"line":29,"column":30},"end":{"line":29,"column":46}}]}},"s":{"0":1,"1":0,"2":0,"3":0,"4":0,"5":0,"6":0,"7":1},"f":{"0":0,"1":0},"b":{"0":[0,0],"1":[0,0],"2":[0,0]}}
,"/Users/lemon/Documents/codes/others/baselib/src/errors/app-error.ts": {"path":"/Users/lemon/Documents/codes/others/baselib/src/errors/app-error.ts","statementMap":{"0":{"start":{"line":1,"column":0},"end":{"line":1,"column":42}},"1":{"start":{"line":15,"column":4},"end":{"line":15,"column":19}},"2":{"start":{"line":16,"column":4},"end":{"line":16,"column":27}},"3":{"start":{"line":17,"column":4},"end":{"line":17,"column":33}},"4":{"start":{"line":18,"column":4},"end":{"line":18,"column":21}},"5":{"start":{"line":19,"column":4},"end":{"line":19,"column":27}},"6":{"start":{"line":20,"column":4},"end":{"line":20,"column":30}},"7":{"start":{"line":21,"column":4},"end":{"line":21,"column":54}},"8":{"start":{"line":3,"column":0},"end":{"line":3,"column":13}}},"fnMap":{"0":{"name":"(anonymous_0)","decl":{"start":{"line":9,"column":2},"end":{"line":9,"column":null}},"loc":{"start":{"line":13,"column":33},"end":{"line":22,"column":3}}}},"branchMap":{"0":{"loc":{"start":{"line":11,"column":4},"end":{"line":11,"column":28}},"type":"default-arg","locations":[{"start":{"line":11,"column":25},"end":{"line":11,"column":28}}]},"1":{"loc":{"start":{"line":12,"column":4},"end":{"line":12,"column":37}},"type":"default-arg","locations":[{"start":{"line":12,"column":19},"end":{"line":12,"column":37}}]},"2":{"loc":{"start":{"line":21,"column":4},"end":{"line":21,"column":53}},"type":"cond-expr","locations":[{"start":{"line":21,"column":27},"end":{"line":21,"column":30}},{"start":{"line":21,"column":27},"end":{"line":21,"column":53}}]},"3":{"loc":{"start":{"line":21,"column":4},"end":{"line":21,"column":30}},"type":"binary-expr","locations":[{"start":{"line":21,"column":4},"end":{"line":21,"column":30}},{"start":{"line":21,"column":27},"end":{"line":21,"column":30}}]}},"s":{"0":5,"1":35,"2":35,"3":35,"4":35,"5":35,"6":35,"7":35,"8":5},"f":{"0":35},"b":{"0":[1],"1":[17],"2":[0,35],"3":[35,35]}}
,"/Users/lemon/Documents/codes/others/baselib/src/errors/error.handler.ts": {"path":"/Users/lemon/Documents/codes/others/baselib/src/errors/error.handler.ts","statementMap":{"0":{"start":{"line":12,"column":0},"end":{"line":12,"column":16}},"1":{"start":{"line":1,"column":0},"end":{"line":1,"column":39}},"2":{"start":{"line":2,"column":0},"end":{"line":2,"column":42}},"3":{"start":{"line":22,"column":2},"end":{"line":28,"column":3}},"4":{"start":{"line":23,"column":4},"end":{"line":23,"column":21}},"5":{"start":{"line":24,"column":9},"end":{"line":28,"column":3}},"6":{"start":{"line":25,"column":4},"end":{"line":25,"column":68}},"7":{"start":{"line":27,"column":4},"end":{"line":27,"column":70}},"8":{"start":{"line":30,"column":2},"end":{"line":38,"column":3}},"9":{"start":{"line":31,"column":4},"end":{"line":37,"column":7}},"10":{"start":{"line":40,"column":2},"end":{"line":42,"column":3}},"11":{"start":{"line":41,"column":4},"end":{"line":41,"column":43}},"12":{"start":{"line":44,"column":2},"end":{"line":49,"column":4}}},"fnMap":{"0":{"name":"handleError","decl":{"start":{"line":12,"column":16},"end":{"line":12,"column":27}},"loc":{"start":{"line":14,"column":34},"end":{"line":50,"column":1}}}},"branchMap":{"0":{"loc":{"start":{"line":14,"column":2},"end":{"line":14,"column":34}},"type":"default-arg","locations":[{"start":{"line":14,"column":32},"end":{"line":14,"column":34}}]},"1":{"loc":{"start":{"line":22,"column":2},"end":{"line":28,"column":3}},"type":"if","locations":[{"start":{"line":22,"column":2},"end":{"line":28,"column":3}},{"start":{"line":24,"column":9},"end":{"line":28,"column":3}}]},"2":{"loc":{"start":{"line":24,"column":9},"end":{"line":28,"column":3}},"type":"if","locations":[{"start":{"line":24,"column":9},"end":{"line":28,"column":3}},{"start":{"line":26,"column":9},"end":{"line":28,"column":3}}]},"3":{"loc":{"start":{"line":30,"column":2},"end":{"line":38,"column":3}},"type":"if","locations":[{"start":{"line":30,"column":2},"end":{"line":38,"column":3}}]},"4":{"loc":{"start":{"line":40,"column":2},"end":{"line":42,"column":3}},"type":"if","locations":[{"start":{"line":40,"column":2},"end":{"line":42,"column":3}}]}},"s":{"0":4,"1":4,"2":4,"3":3,"4":1,"5":2,"6":1,"7":1,"8":3,"9":1,"10":3,"11":0,"12":3},"f":{"0":3},"b":{"0":[2],"1":[1,2],"2":[1,1],"3":[1],"4":[0]}}
,"/Users/lemon/Documents/codes/others/baselib/src/errors/error.types.ts": {"path":"/Users/lemon/Documents/codes/others/baselib/src/errors/error.types.ts","statementMap":{"0":{"start":{"line":1,"column":0},"end":{"line":1,"column":null}},"1":{"start":{"line":2,"column":2},"end":{"line":2,"column":null}},"2":{"start":{"line":3,"column":2},"end":{"line":3,"column":null}},"3":{"start":{"line":4,"column":2},"end":{"line":4,"column":null}},"4":{"start":{"line":5,"column":2},"end":{"line":5,"column":null}}},"fnMap":{"0":{"name":"(anonymous_0)","decl":{"start":{"line":1,"column":0},"end":{"line":1,"column":12}},"loc":{"start":{"line":1,"column":21},"end":{"line":6,"column":1}}}},"branchMap":{"0":{"loc":{"start":{"line":1,"column":12},"end":{"line":1,"column":null}},"type":"binary-expr","locations":[{"start":{"line":1,"column":12},"end":{"line":1,"column":21}},{"start":{"line":1,"column":21},"end":{"line":1,"column":null}}]}},"s":{"0":5,"1":5,"2":5,"3":5,"4":5},"f":{"0":5},"b":{"0":[5,5]}}
,"/Users/lemon/Documents/codes/others/baselib/src/errors/index.ts": {"path":"/Users/lemon/Documents/codes/others/baselib/src/errors/index.ts","statementMap":{"0":{"start":{"line":1,"column":0},"end":{"line":1,"column":9}},"1":{"start":{"line":1,"column":9},"end":{"line":1,"column":39}},"2":{"start":{"line":2,"column":0},"end":{"line":2,"column":9}},"3":{"start":{"line":2,"column":9},"end":{"line":2,"column":42}},"4":{"start":{"line":3,"column":0},"end":{"line":3,"column":9}},"5":{"start":{"line":3,"column":9},"end":{"line":3,"column":46}}},"fnMap":{"0":{"name":"(anonymous_0)","decl":{"start":{"line":1,"column":9},"end":{"line":1,"column":17}},"loc":{"start":{"line":1,"column":9},"end":{"line":1,"column":39}}},"1":{"name":"(anonymous_1)","decl":{"start":{"line":2,"column":9},"end":{"line":2,"column":18}},"loc":{"start":{"line":2,"column":9},"end":{"line":2,"column":42}}},"2":{"name":"(anonymous_2)","decl":{"start":{"line":3,"column":9},"end":{"line":3,"column":20}},"loc":{"start":{"line":3,"column":9},"end":{"line":3,"column":46}}}},"branchMap":{},"s":{"0":4,"1":32,"2":4,"3":30,"4":4,"5":7},"f":{"0":28,"1":26,"2":3},"b":{}}
,"/Users/lemon/Documents/codes/others/baselib/src/jwt/index.ts": {"path":"/Users/lemon/Documents/codes/others/baselib/src/jwt/index.ts","statementMap":{"0":{"start":{"line":1,"column":0},"end":{"line":1,"column":43}},"1":{"start":{"line":3,"column":0},"end":{"line":3,"column":24}},"2":{"start":{"line":4,"column":13},"end":{"line":4,"column":36}}},"fnMap":{},"branchMap":{},"s":{"0":1,"1":1,"2":1},"f":{},"b":{}}
,"/Users/lemon/Documents/codes/others/baselib/src/jwt/jwt.manager.ts": {"path":"/Users/lemon/Documents/codes/others/baselib/src/jwt/jwt.manager.ts","statementMap":{"0":{"start":{"line":1,"column":0},"end":{"line":1,"column":85}},"1":{"start":{"line":4,"column":0},"end":{"line":4,"column":35}},"2":{"start":{"line":5,"column":0},"end":{"line":5,"column":48}},"3":{"start":{"line":8,"column":10},"end":{"line":8,"column":40}},"4":{"start":{"line":12,"column":4},"end":{"line":19,"column":5}},"5":{"start":{"line":13,"column":31},"end":{"line":13,"column":63}},"6":{"start":{"line":14,"column":6},"end":{"line":16,"column":7}},"7":{"start":{"line":15,"column":8},"end":{"line":15,"column":40}},"8":{"start":{"line":23,"column":4},"end":{"line":23,"column":26}},"9":{"start":{"line":27,"column":4},"end":{"line":29,"column":5}},"10":{"start":{"line":28,"column":6},"end":{"line":28,"column":137}},"11":{"start":{"line":30,"column":4},"end":{"line":30,"column":24}},"12":{"start":{"line":40,"column":22},"end":{"line":40,"column":45}},"13":{"start":{"line":41,"column":4},"end":{"line":41,"column":49}},"14":{"start":{"line":52,"column":22},"end":{"line":52,"column":45}},"15":{"start":{"line":53,"column":4},"end":{"line":63,"column":5}},"16":{"start":{"line":54,"column":6},"end":{"line":54,"column":56}},"17":{"start":{"line":56,"column":6},"end":{"line":58,"column":7}},"18":{"start":{"line":57,"column":8},"end":{"line":57,"column":95}},"19":{"start":{"line":59,"column":6},"end":{"line":61,"column":7}},"20":{"start":{"line":60,"column":8},"end":{"line":60,"column":95}},"21":{"start":{"line":62,"column":6},"end":{"line":62,"column":103}},"22":{"start":{"line":72,"column":20},"end":{"line":72,"column":37}},"23":{"start":{"line":73,"column":4},"end":{"line":75,"column":5}},"24":{"start":{"line":74,"column":6},"end":{"line":74,"column":18}},"25":{"start":{"line":76,"column":4},"end":{"line":76,"column":41}},"26":{"start":{"line":85,"column":23},"end":{"line":85,"column":48}},"27":{"start":{"line":86,"column":4},"end":{"line":88,"column":5}},"28":{"start":{"line":87,"column":6},"end":{"line":87,"column":37}},"29":{"start":{"line":89,"column":4},"end":{"line":89,"column":16}},"30":{"start":{"line":99,"column":4},"end":{"line":113,"column":6}},"31":{"start":{"line":100,"column":20},"end":{"line":100,"column":37}},"32":{"start":{"line":102,"column":6},"end":{"line":104,"column":7}},"33":{"start":{"line":103,"column":8},"end":{"line":103,"column":86}},"34":{"start":{"line":106,"column":6},"end":{"line":112,"column":7}},"35":{"start":{"line":107,"column":24},"end":{"line":107,"column":55}},"36":{"start":{"line":108,"column":8},"end":{"line":108,"column":27}},"37":{"start":{"line":109,"column":8},"end":{"line":109,"column":15}},"38":{"start":{"line":111,"column":8},"end":{"line":111,"column":20}},"39":{"start":{"line":7,"column":0},"end":{"line":7,"column":13}}},"fnMap":{"0":{"name":"(anonymous_9)","decl":{"start":{"line":10,"column":2},"end":{"line":10,"column":null}},"loc":{"start":{"line":10,"column":2},"end":{"line":20,"column":3}}},"1":{"name":"(anonymous_10)","decl":{"start":{"line":22,"column":9},"end":{"line":22,"column":18}},"loc":{"start":{"line":22,"column":33},"end":{"line":24,"column":3}}},"2":{"name":"(anonymous_11)","decl":{"start":{"line":26,"column":10},"end":{"line":26,"column":26}},"loc":{"start":{"line":26,"column":26},"end":{"line":31,"column":3}}},"3":{"name":"(anonymous_12)","decl":{"start":{"line":39,"column":9},"end":{"line":39,"column":13}},"loc":{"start":{"line":39,"column":56},"end":{"line":42,"column":3}}},"4":{"name":"(anonymous_13)","decl":{"start":{"line":51,"column":9},"end":{"line":51,"column":15}},"loc":{"start":{"line":51,"column":67},"end":{"line":64,"column":3}}},"5":{"name":"(anonymous_14)","decl":{"start":{"line":71,"column":9},"end":{"line":71,"column":15}},"loc":{"start":{"line":71,"column":29},"end":{"line":77,"column":3}}},"6":{"name":"(anonymous_15)","decl":{"start":{"line":84,"column":9},"end":{"line":84,"column":16}},"loc":{"start":{"line":84,"column":29},"end":{"line":90,"column":3}}},"7":{"name":"(anonymous_16)","decl":{"start":{"line":98,"column":9},"end":{"line":98,"column":23}},"loc":{"start":{"line":98,"column":23},"end":{"line":114,"column":3}}},"8":{"name":"(anonymous_17)","decl":{"start":{"line":99,"column":11},"end":{"line":99,"column":12}},"loc":{"start":{"line":99,"column":76},"end":{"line":113,"column":5}}}},"branchMap":{"0":{"loc":{"start":{"line":14,"column":6},"end":{"line":16,"column":7}},"type":"if","locations":[{"start":{"line":14,"column":6},"end":{"line":16,"column":7}}]},"1":{"loc":{"start":{"line":27,"column":4},"end":{"line":29,"column":5}},"type":"if","locations":[{"start":{"line":27,"column":4},"end":{"line":29,"column":5}}]},"2":{"loc":{"start":{"line":56,"column":6},"end":{"line":58,"column":7}},"type":"if","locations":[{"start":{"line":56,"column":6},"end":{"line":58,"column":7}}]},"3":{"loc":{"start":{"line":59,"column":6},"end":{"line":61,"column":7}},"type":"if","locations":[{"start":{"line":59,"column":6},"end":{"line":61,"column":7}}]},"4":{"loc":{"start":{"line":73,"column":4},"end":{"line":75,"column":5}},"type":"if","locations":[{"start":{"line":73,"column":4},"end":{"line":75,"column":5}}]},"5":{"loc":{"start":{"line":86,"column":4},"end":{"line":88,"column":5}},"type":"if","locations":[{"start":{"line":86,"column":4},"end":{"line":88,"column":5}}]},"6":{"loc":{"start":{"line":86,"column":8},"end":{"line":86,"column":54}},"type":"binary-expr","locations":[{"start":{"line":86,"column":8},"end":{"line":86,"column":18}},{"start":{"line":86,"column":22},"end":{"line":86,"column":54}}]},"7":{"loc":{"start":{"line":102,"column":6},"end":{"line":104,"column":7}},"type":"if","locations":[{"start":{"line":102,"column":6},"end":{"line":104,"column":7}}]}},"s":{"0":1,"1":1,"2":1,"3":1,"4":1,"5":1,"6":1,"7":0,"8":6,"9":19,"10":4,"11":15,"12":10,"13":8,"14":9,"15":7,"16":7,"17":4,"18":2,"19":2,"20":2,"21":0,"22":3,"23":3,"24":0,"25":3,"26":7,"27":7,"28":4,"29":3,"30":4,"31":4,"32":4,"33":1,"34":3,"35":3,"36":1,"37":1,"38":2,"39":1},"f":{"0":1,"1":6,"2":19,"3":10,"4":9,"5":3,"6":7,"7":4,"8":4},"b":{"0":[0],"1":[4],"2":[2],"3":[2],"4":[0],"5":[4],"6":[7,5],"7":[1]}}
,"/Users/lemon/Documents/codes/others/baselib/src/logger/index.ts": {"path":"/Users/lemon/Documents/codes/others/baselib/src/logger/index.ts","statementMap":{"0":{"start":{"line":1,"column":0},"end":{"line":1,"column":9}},"1":{"start":{"line":1,"column":9},"end":{"line":1,"column":42}}},"fnMap":{"0":{"name":"(anonymous_0)","decl":{"start":{"line":1,"column":9},"end":{"line":1,"column":15}},"loc":{"start":{"line":1,"column":9},"end":{"line":1,"column":42}}}},"branchMap":{},"s":{"0":1,"1":15},"f":{"0":14},"b":{}}
,"/Users/lemon/Documents/codes/others/baselib/src/logger/logger.manager.ts": {"path":"/Users/lemon/Documents/codes/others/baselib/src/logger/logger.manager.ts","statementMap":{"0":{"start":{"line":29,"column":0},"end":{"line":29,"column":16}},"1":{"start":{"line":1,"column":0},"end":{"line":1,"column":69}},"2":{"start":{"line":4,"column":34},"end":{"line":4,"column":38}},"3":{"start":{"line":7,"column":16},"end":{"line":7,"column":88}},"4":{"start":{"line":8,"column":33},"end":{"line":15,"column":4}},"5":{"start":{"line":16,"column":33},"end":{"line":16,"column":94}},"6":{"start":{"line":18,"column":26},"end":{"line":25,"column":4}},"7":{"start":{"line":19,"column":25},"end":{"line":19,"column":53}},"8":{"start":{"line":20,"column":26},"end":{"line":20,"column":55}},"9":{"start":{"line":21,"column":25},"end":{"line":21,"column":53}},"10":{"start":{"line":22,"column":26},"end":{"line":22,"column":55}},"11":{"start":{"line":23,"column":44},"end":{"line":23,"column":78}},"12":{"start":{"line":26,"column":2},"end":{"line":26,"column":13}},"13":{"start":{"line":30,"column":2},"end":{"line":32,"column":3}},"14":{"start":{"line":31,"column":4},"end":{"line":31,"column":30}},"15":{"start":{"line":33,"column":2},"end":{"line":33,"column":18}},"16":{"start":{"line":36,"column":13},"end":{"line":36,"column":34}}},"fnMap":{"0":{"name":"createLogger","decl":{"start":{"line":6,"column":9},"end":{"line":6,"column":21}},"loc":{"start":{"line":6,"column":74},"end":{"line":27,"column":1}}},"1":{"name":"(anonymous_2)","decl":{"start":{"line":19,"column":10},"end":{"line":19,"column":11}},"loc":{"start":{"line":19,"column":25},"end":{"line":19,"column":53}}},"2":{"name":"(anonymous_3)","decl":{"start":{"line":20,"column":11},"end":{"line":20,"column":12}},"loc":{"start":{"line":20,"column":26},"end":{"line":20,"column":55}}},"3":{"name":"(anonymous_4)","decl":{"start":{"line":21,"column":10},"end":{"line":21,"column":11}},"loc":{"start":{"line":21,"column":25},"end":{"line":21,"column":53}}},"4":{"name":"(anonymous_5)","decl":{"start":{"line":22,"column":11},"end":{"line":22,"column":12}},"loc":{"start":{"line":22,"column":26},"end":{"line":22,"column":55}}},"5":{"name":"(anonymous_6)","decl":{"start":{"line":23,"column":11},"end":{"line":23,"column":12}},"loc":{"start":{"line":23,"column":44},"end":{"line":23,"column":78}}},"6":{"name":"getLogger","decl":{"start":{"line":29,"column":16},"end":{"line":29,"column":25}},"loc":{"start":{"line":29,"column":25},"end":{"line":34,"column":1}}}},"branchMap":{"0":{"loc":{"start":{"line":6,"column":22},"end":{"line":6,"column":49}},"type":"default-arg","locations":[{"start":{"line":6,"column":47},"end":{"line":6,"column":49}}]},"1":{"loc":{"start":{"line":7,"column":16},"end":{"line":7,"column":88}},"type":"binary-expr","locations":[{"start":{"line":7,"column":16},"end":{"line":7,"column":53}},{"start":{"line":7,"column":57},"end":{"line":7,"column":88}}]},"2":{"loc":{"start":{"line":9,"column":11},"end":{"line":9,"column":42}},"type":"binary-expr","locations":[{"start":{"line":9,"column":11},"end":{"line":9,"column":32}},{"start":{"line":9,"column":36},"end":{"line":9,"column":42}}]},"3":{"loc":{"start":{"line":11,"column":8},"end":{"line":13,"column":10}},"type":"cond-expr","locations":[{"start":{"line":12,"column":8},"end":{"line":12,"column":108}},{"start":{"line":13,"column":8},"end":{"line":13,"column":10}}]},"4":{"loc":{"start":{"line":16,"column":33},"end":{"line":16,"column":94}},"type":"cond-expr","locations":[{"start":{"line":16,"column":42},"end":{"line":16,"column":63}},{"start":{"line":16,"column":66},"end":{"line":16,"column":94}}]},"5":{"loc":{"start":{"line":19,"column":37},"end":{"line":19,"column":47}},"type":"binary-expr","locations":[{"start":{"line":19,"column":37},"end":{"line":19,"column":41}},{"start":{"line":19,"column":45},"end":{"line":19,"column":47}}]},"6":{"loc":{"start":{"line":20,"column":39},"end":{"line":20,"column":49}},"type":"binary-expr","locations":[{"start":{"line":20,"column":39},"end":{"line":20,"column":43}},{"start":{"line":20,"column":47},"end":{"line":20,"column":49}}]},"7":{"loc":{"start":{"line":21,"column":37},"end":{"line":21,"column":47}},"type":"binary-expr","locations":[{"start":{"line":21,"column":37},"end":{"line":21,"column":41}},{"start":{"line":21,"column":45},"end":{"line":21,"column":47}}]},"8":{"loc":{"start":{"line":22,"column":39},"end":{"line":22,"column":49}},"type":"binary-expr","locations":[{"start":{"line":22,"column":39},"end":{"line":22,"column":43}},{"start":{"line":22,"column":47},"end":{"line":22,"column":49}}]},"9":{"loc":{"start":{"line":30,"column":2},"end":{"line":32,"column":3}},"type":"if","locations":[{"start":{"line":30,"column":2},"end":{"line":32,"column":3}}]}},"s":{"0":1,"1":1,"2":1,"3":2,"4":2,"5":2,"6":2,"7":2,"8":2,"9":1,"10":1,"11":1,"12":2,"13":1,"14":1,"15":1,"16":1},"f":{"0":2,"1":2,"2":2,"3":1,"4":1,"5":1,"6":1},"b":{"0":[1],"1":[2,2],"2":[2,2],"3":[2,0],"4":[1,1],"5":[2,0],"6":[2,0],"7":[1,0],"8":[1,0],"9":[1]}}
,"/Users/lemon/Documents/codes/others/baselib/src/upload/aws.adapter.ts": {"path":"/Users/lemon/Documents/codes/others/baselib/src/upload/aws.adapter.ts","statementMap":{"0":{"start":{"line":1,"column":0},"end":{"line":1,"column":87}},"1":{"start":{"line":2,"column":0},"end":{"line":2,"column":61}},"2":{"start":{"line":8,"column":53},"end":{"line":8,"column":64}},"3":{"start":{"line":9,"column":4},"end":{"line":15,"column":7}},"4":{"start":{"line":19,"column":51},"end":{"line":19,"column":58}},"5":{"start":{"line":21,"column":4},"end":{"line":23,"column":5}},"6":{"start":{"line":22,"column":6},"end":{"line":22,"column":94}},"7":{"start":{"line":24,"column":27},"end":{"line":24,"column":56}},"8":{"start":{"line":26,"column":19},"end":{"line":26,"column":51}},"9":{"start":{"line":28,"column":48},"end":{"line":33,"column":6}},"10":{"start":{"line":35,"column":4},"end":{"line":35,"column":58}},"11":{"start":{"line":37,"column":16},"end":{"line":37,"column":84}},"12":{"start":{"line":38,"column":4},"end":{"line":38,"column":49}},"13":{"start":{"line":42,"column":69},"end":{"line":42,"column":76}},"14":{"start":{"line":44,"column":4},"end":{"line":46,"column":5}},"15":{"start":{"line":45,"column":6},"end":{"line":45,"column":101}},"16":{"start":{"line":47,"column":27},"end":{"line":47,"column":56}},"17":{"start":{"line":49,"column":19},"end":{"line":49,"column":51}},"18":{"start":{"line":51,"column":20},"end":{"line":55,"column":6}},"19":{"start":{"line":57,"column":16},"end":{"line":57,"column":66}},"20":{"start":{"line":58,"column":4},"end":{"line":58,"column":19}},"21":{"start":{"line":6,"column":0},"end":{"line":6,"column":13}}},"fnMap":{"0":{"name":"(anonymous_0)","decl":{"start":{"line":7,"column":10},"end":{"line":7,"column":21}},"loc":{"start":{"line":7,"column":49},"end":{"line":16,"column":3}}},"1":{"name":"(anonymous_1)","decl":{"start":{"line":18,"column":2},"end":{"line":18,"column":7}},"loc":{"start":{"line":18,"column":76},"end":{"line":39,"column":3}}},"2":{"name":"(anonymous_2)","decl":{"start":{"line":41,"column":2},"end":{"line":41,"column":7}},"loc":{"start":{"line":41,"column":52},"end":{"line":59,"column":3}}}},"branchMap":{"0":{"loc":{"start":{"line":21,"column":4},"end":{"line":23,"column":5}},"type":"if","locations":[{"start":{"line":21,"column":4},"end":{"line":23,"column":5}}]},"1":{"loc":{"start":{"line":21,"column":8},"end":{"line":21,"column":65}},"type":"binary-expr","locations":[{"start":{"line":21,"column":8},"end":{"line":21,"column":15}},{"start":{"line":21,"column":19},"end":{"line":21,"column":31}},{"start":{"line":21,"column":35},"end":{"line":21,"column":65}}]},"2":{"loc":{"start":{"line":42,"column":48},"end":{"line":42,"column":64}},"type":"default-arg","locations":[{"start":{"line":42,"column":60},"end":{"line":42,"column":64}}]},"3":{"loc":{"start":{"line":44,"column":4},"end":{"line":46,"column":5}},"type":"if","locations":[{"start":{"line":44,"column":4},"end":{"line":46,"column":5}}]},"4":{"loc":{"start":{"line":44,"column":8},"end":{"line":44,"column":65}},"type":"binary-expr","locations":[{"start":{"line":44,"column":8},"end":{"line":44,"column":15}},{"start":{"line":44,"column":19},"end":{"line":44,"column":31}},{"start":{"line":44,"column":35},"end":{"line":44,"column":65}}]}},"s":{"0":1,"1":1,"2":4,"3":4,"4":2,"5":2,"6":0,"7":2,"8":2,"9":2,"10":2,"11":2,"12":2,"13":2,"14":2,"15":0,"16":2,"17":2,"18":2,"19":2,"20":2,"21":1},"f":{"0":4,"1":2,"2":2},"b":{"0":[0],"1":[2,2,2],"2":[0],"3":[0],"4":[2,2,2]}}
,"/Users/lemon/Documents/codes/others/baselib/src/upload/azure.adapter.ts": {"path":"/Users/lemon/Documents/codes/others/baselib/src/upload/azure.adapter.ts","statementMap":{"0":{"start":{"line":1,"column":0},"end":{"line":1,"column":93}},"1":{"start":{"line":7,"column":38},"end":{"line":7,"column":49}},"2":{"start":{"line":8,"column":4},"end":{"line":8,"column":73}},"3":{"start":{"line":12,"column":51},"end":{"line":12,"column":58}},"4":{"start":{"line":14,"column":4},"end":{"line":16,"column":5}},"5":{"start":{"line":15,"column":6},"end":{"line":15,"column":102}},"6":{"start":{"line":17,"column":29},"end":{"line":17,"column":60}},"7":{"start":{"line":19,"column":30},"end":{"line":19,"column":73}},"8":{"start":{"line":20,"column":28},"end":{"line":20,"column":72}},"9":{"start":{"line":21,"column":4},"end":{"line":21,"column":46}},"10":{"start":{"line":23,"column":45},"end":{"line":23,"column":84}},"11":{"start":{"line":25,"column":4},"end":{"line":34,"column":5}},"12":{"start":{"line":26,"column":6},"end":{"line":28,"column":9}},"13":{"start":{"line":31,"column":6},"end":{"line":33,"column":9}},"14":{"start":{"line":36,"column":16},"end":{"line":36,"column":35}},"15":{"start":{"line":37,"column":4},"end":{"line":37,"column":51}},"16":{"start":{"line":41,"column":69},"end":{"line":41,"column":76}},"17":{"start":{"line":43,"column":4},"end":{"line":45,"column":5}},"18":{"start":{"line":44,"column":6},"end":{"line":44,"column":104}},"19":{"start":{"line":46,"column":29},"end":{"line":46,"column":60}},"20":{"start":{"line":48,"column":30},"end":{"line":48,"column":73}},"21":{"start":{"line":49,"column":28},"end":{"line":49,"column":72}},"22":{"start":{"line":50,"column":4},"end":{"line":50,"column":46}},"23":{"start":{"line":52,"column":45},"end":{"line":52,"column":84}},"24":{"start":{"line":57,"column":23},"end":{"line":64,"column":6}},"25":{"start":{"line":70,"column":19},"end":{"line":70,"column":67}},"26":{"start":{"line":72,"column":4},"end":{"line":72,"column":27}},"27":{"start":{"line":5,"column":0},"end":{"line":5,"column":13}}},"fnMap":{"0":{"name":"(anonymous_0)","decl":{"start":{"line":6,"column":10},"end":{"line":6,"column":30}},"loc":{"start":{"line":6,"column":60},"end":{"line":9,"column":3}}},"1":{"name":"(anonymous_1)","decl":{"start":{"line":11,"column":2},"end":{"line":11,"column":7}},"loc":{"start":{"line":11,"column":76},"end":{"line":38,"column":3}}},"2":{"name":"(anonymous_2)","decl":{"start":{"line":40,"column":2},"end":{"line":40,"column":7}},"loc":{"start":{"line":40,"column":52},"end":{"line":73,"column":3}}}},"branchMap":{"0":{"loc":{"start":{"line":14,"column":4},"end":{"line":16,"column":5}},"type":"if","locations":[{"start":{"line":14,"column":4},"end":{"line":16,"column":5}}]},"1":{"loc":{"start":{"line":14,"column":8},"end":{"line":14,"column":67}},"type":"binary-expr","locations":[{"start":{"line":14,"column":8},"end":{"line":14,"column":15}},{"start":{"line":14,"column":19},"end":{"line":14,"column":31}},{"start":{"line":14,"column":35},"end":{"line":14,"column":67}}]},"2":{"loc":{"start":{"line":25,"column":4},"end":{"line":34,"column":5}},"type":"if","locations":[{"start":{"line":25,"column":4},"end":{"line":34,"column":5}},{"start":{"line":29,"column":11},"end":{"line":34,"column":5}}]},"3":{"loc":{"start":{"line":41,"column":48},"end":{"line":41,"column":64}},"type":"default-arg","locations":[{"start":{"line":41,"column":60},"end":{"line":41,"column":64}}]},"4":{"loc":{"start":{"line":43,"column":4},"end":{"line":45,"column":5}},"type":"if","locations":[{"start":{"line":43,"column":4},"end":{"line":45,"column":5}}]},"5":{"loc":{"start":{"line":43,"column":8},"end":{"line":43,"column":67}},"type":"binary-expr","locations":[{"start":{"line":43,"column":8},"end":{"line":43,"column":15}},{"start":{"line":43,"column":19},"end":{"line":43,"column":31}},{"start":{"line":43,"column":35},"end":{"line":43,"column":67}}]}},"s":{"0":1,"1":4,"2":4,"3":2,"4":2,"5":0,"6":2,"7":2,"8":2,"9":2,"10":2,"11":2,"12":2,"13":0,"14":2,"15":2,"16":2,"17":2,"18":0,"19":2,"20":2,"21":2,"22":2,"23":2,"24":2,"25":2,"26":2,"27":1},"f":{"0":4,"1":2,"2":2},"b":{"0":[0],"1":[2,2,2],"2":[2,0],"3":[0],"4":[0],"5":[2,2,2]}}
,"/Users/lemon/Documents/codes/others/baselib/src/upload/gcp.adapter.ts": {"path":"/Users/lemon/Documents/codes/others/baselib/src/upload/gcp.adapter.ts","statementMap":{"0":{"start":{"line":1,"column":0},"end":{"line":1,"column":48}},"1":{"start":{"line":2,"column":0},"end":{"line":2,"column":34}},"2":{"start":{"line":7,"column":42},"end":{"line":7,"column":53}},"3":{"start":{"line":8,"column":4},"end":{"line":10,"column":5}},"4":{"start":{"line":9,"column":6},"end":{"line":9,"column":69}},"5":{"start":{"line":11,"column":4},"end":{"line":11,"column":38}},"6":{"start":{"line":15,"column":51},"end":{"line":15,"column":58}},"7":{"start":{"line":17,"column":4},"end":{"line":19,"column":5}},"8":{"start":{"line":18,"column":6},"end":{"line":18,"column":108}},"9":{"start":{"line":20,"column":27},"end":{"line":20,"column":56}},"10":{"start":{"line":22,"column":20},"end":{"line":22,"column":57}},"11":{"start":{"line":23,"column":17},"end":{"line":23,"column":49}},"12":{"start":{"line":25,"column":4},"end":{"line":42,"column":7}},"13":{"start":{"line":26,"column":27},"end":{"line":30,"column":8}},"14":{"start":{"line":32,"column":6},"end":{"line":41,"column":7}},"15":{"start":{"line":33,"column":29},"end":{"line":33,"column":58}},"16":{"start":{"line":34,"column":8},"end":{"line":36,"column":31}},"17":{"start":{"line":38,"column":9},"end":{"line":40,"column":31}},"18":{"start":{"line":44,"column":16},"end":{"line":44,"column":65}},"19":{"start":{"line":45,"column":4},"end":{"line":45,"column":49}},"20":{"start":{"line":49,"column":69},"end":{"line":49,"column":76}},"21":{"start":{"line":51,"column":4},"end":{"line":53,"column":5}},"22":{"start":{"line":52,"column":6},"end":{"line":52,"column":115}},"23":{"start":{"line":54,"column":27},"end":{"line":54,"column":56}},"24":{"start":{"line":56,"column":20},"end":{"line":56,"column":57}},"25":{"start":{"line":57,"column":17},"end":{"line":57,"column":49}},"26":{"start":{"line":59,"column":18},"end":{"line":64,"column":6}},"27":{"start":{"line":66,"column":4},"end":{"line":66,"column":19}},"28":{"start":{"line":5,"column":0},"end":{"line":5,"column":13}}},"fnMap":{"0":{"name":"(anonymous_0)","decl":{"start":{"line":6,"column":10},"end":{"line":6,"column":26}},"loc":{"start":{"line":6,"column":54},"end":{"line":12,"column":3}}},"1":{"name":"(anonymous_1)","decl":{"start":{"line":14,"column":2},"end":{"line":14,"column":7}},"loc":{"start":{"line":14,"column":76},"end":{"line":46,"column":3}}},"2":{"name":"(anonymous_2)","decl":{"start":{"line":25,"column":28},"end":{"line":25,"column":29}},"loc":{"start":{"line":25,"column":48},"end":{"line":42,"column":5}}},"3":{"name":"(anonymous_3)","decl":{"start":{"line":48,"column":2},"end":{"line":48,"column":7}},"loc":{"start":{"line":48,"column":52},"end":{"line":67,"column":3}}}},"branchMap":{"0":{"loc":{"start":{"line":8,"column":4},"end":{"line":10,"column":5}},"type":"if","locations":[{"start":{"line":8,"column":4},"end":{"line":10,"column":5}}]},"1":{"loc":{"start":{"line":17,"column":4},"end":{"line":19,"column":5}},"type":"if","locations":[{"start":{"line":17,"column":4},"end":{"line":19,"column":5}}]},"2":{"loc":{"start":{"line":17,"column":8},"end":{"line":17,"column":65}},"type":"binary-expr","locations":[{"start":{"line":17,"column":8},"end":{"line":17,"column":15}},{"start":{"line":17,"column":19},"end":{"line":17,"column":31}},{"start":{"line":17,"column":35},"end":{"line":17,"column":65}}]},"3":{"loc":{"start":{"line":32,"column":6},"end":{"line":41,"column":7}},"type":"if","locations":[{"start":{"line":32,"column":6},"end":{"line":41,"column":7}},{"start":{"line":37,"column":13},"end":{"line":41,"column":7}}]},"4":{"loc":{"start":{"line":49,"column":48},"end":{"line":49,"column":64}},"type":"default-arg","locations":[{"start":{"line":49,"column":60},"end":{"line":49,"column":64}}]},"5":{"loc":{"start":{"line":51,"column":4},"end":{"line":53,"column":5}},"type":"if","locations":[{"start":{"line":51,"column":4},"end":{"line":53,"column":5}}]},"6":{"loc":{"start":{"line":51,"column":8},"end":{"line":51,"column":65}},"type":"binary-expr","locations":[{"start":{"line":51,"column":8},"end":{"line":51,"column":15}},{"start":{"line":51,"column":19},"end":{"line":51,"column":31}},{"start":{"line":51,"column":35},"end":{"line":51,"column":65}}]}},"s":{"0":1,"1":1,"2":4,"3":4,"4":4,"5":0,"6":2,"7":2,"8":0,"9":2,"10":2,"11":2,"12":2,"13":2,"14":2,"15":2,"16":2,"17":0,"18":2,"19":2,"20":2,"21":2,"22":0,"23":2,"24":2,"25":2,"26":2,"27":2,"28":1},"f":{"0":4,"1":2,"2":2,"3":2},"b":{"0":[4],"1":[0],"2":[2,2,2],"3":[2,0],"4":[0],"5":[0],"6":[2,2,2]}}
,"/Users/lemon/Documents/codes/others/baselib/src/upload/upload.manager.ts": {"path":"/Users/lemon/Documents/codes/others/baselib/src/upload/upload.manager.ts","statementMap":{"0":{"start":{"line":14,"column":0},"end":{"line":14,"column":43}},"1":{"start":{"line":15,"column":0},"end":{"line":15,"column":43}},"2":{"start":{"line":16,"column":0},"end":{"line":16,"column":47}},"3":{"start":{"line":17,"column":0},"end":{"line":17,"column":47}},"4":{"start":{"line":24,"column":4},"end":{"line":24,"column":30}},"5":{"start":{"line":28,"column":4},"end":{"line":28,"column":31}},"6":{"start":{"line":32,"column":4},"end":{"line":46,"column":5}},"7":{"start":{"line":33,"column":6},"end":{"line":45,"column":7}},"8":{"start":{"line":35,"column":10},"end":{"line":35,"column":53}},"9":{"start":{"line":36,"column":10},"end":{"line":36,"column":16}},"10":{"start":{"line":38,"column":10},"end":{"line":38,"column":53}},"11":{"start":{"line":39,"column":10},"end":{"line":39,"column":16}},"12":{"start":{"line":41,"column":10},"end":{"line":41,"column":57}},"13":{"start":{"line":42,"column":10},"end":{"line":42,"column":16}},"14":{"start":{"line":44,"column":10},"end":{"line":44,"column":77}},"15":{"start":{"line":47,"column":4},"end":{"line":47,"column":40}},"16":{"start":{"line":51,"column":29},"end":{"line":51,"column":84}},"17":{"start":{"line":52,"column":32},"end":{"line":52,"column":86}},"18":{"start":{"line":54,"column":4},"end":{"line":56,"column":5}},"19":{"start":{"line":55,"column":6},"end":{"line":55,"column":102}},"20":{"start":{"line":57,"column":4},"end":{"line":59,"column":5}},"21":{"start":{"line":58,"column":6},"end":{"line":58,"column":133}},"22":{"start":{"line":62,"column":4},"end":{"line":64,"column":5}},"23":{"start":{"line":63,"column":6},"end":{"line":63,"column":164}},"24":{"start":{"line":66,"column":4},"end":{"line":70,"column":75}},"25":{"start":{"line":74,"column":28},"end":{"line":74,"column":56}},"26":{"start":{"line":75,"column":37},"end":{"line":75,"column":52}},"27":{"start":{"line":77,"column":4},"end":{"line":79,"column":5}},"28":{"start":{"line":78,"column":6},"end":{"line":78,"column":50}},"29":{"start":{"line":81,"column":20},"end":{"line":81,"column":45}},"30":{"start":{"line":82,"column":4},"end":{"line":82,"column":63}},"31":{"start":{"line":86,"column":28},"end":{"line":86,"column":56}},"32":{"start":{"line":87,"column":25},"end":{"line":87,"column":40}},"33":{"start":{"line":89,"column":20},"end":{"line":89,"column":45}},"34":{"start":{"line":90,"column":4},"end":{"line":90,"column":57}},"35":{"start":{"line":94,"column":13},"end":{"line":94,"column":49}}},"fnMap":{"0":{"name":"(anonymous_0)","decl":{"start":{"line":23,"column":2},"end":{"line":23,"column":null}},"loc":{"start":{"line":23,"column":2},"end":{"line":25,"column":3}}},"1":{"name":"(anonymous_1)","decl":{"start":{"line":27,"column":9},"end":{"line":27,"column":18}},"loc":{"start":{"line":27,"column":45},"end":{"line":29,"column":3}}},"2":{"name":"(anonymous_2)","decl":{"start":{"line":31,"column":10},"end":{"line":31,"column":20}},"loc":{"start":{"line":31,"column":44},"end":{"line":48,"column":3}}},"3":{"name":"(anonymous_3)","decl":{"start":{"line":50,"column":10},"end":{"line":50,"column":24}},"loc":{"start":{"line":50,"column":77},"end":{"line":71,"column":3}}},"4":{"name":"(anonymous_4)","decl":{"start":{"line":73,"column":2},"end":{"line":73,"column":7}},"loc":{"start":{"line":73,"column":76},"end":{"line":83,"column":3}}},"5":{"name":"(anonymous_5)","decl":{"start":{"line":85,"column":2},"end":{"line":85,"column":7}},"loc":{"start":{"line":85,"column":52},"end":{"line":91,"column":3}}}},"branchMap":{"0":{"loc":{"start":{"line":32,"column":4},"end":{"line":46,"column":5}},"type":"if","locations":[{"start":{"line":32,"column":4},"end":{"line":46,"column":5}}]},"1":{"loc":{"start":{"line":33,"column":6},"end":{"line":45,"column":7}},"type":"switch","locations":[{"start":{"line":34,"column":8},"end":{"line":36,"column":16}},{"start":{"line":37,"column":8},"end":{"line":39,"column":16}},{"start":{"line":40,"column":8},"end":{"line":42,"column":16}},{"start":{"line":43,"column":8},"end":{"line":44,"column":77}}]},"2":{"loc":{"start":{"line":51,"column":29},"end":{"line":51,"column":84}},"type":"binary-expr","locations":[{"start":{"line":51,"column":29},"end":{"line":51,"column":45}},{"start":{"line":51,"column":49},"end":{"line":51,"column":83}}]},"3":{"loc":{"start":{"line":51,"column":49},"end":{"line":51,"column":83}},"type":"cond-expr","locations":[{"start":{"line":51,"column":66},"end":{"line":51,"column":68}},{"start":{"line":51,"column":66},"end":{"line":51,"column":83}}]},"4":{"loc":{"start":{"line":51,"column":49},"end":{"line":51,"column":68}},"type":"binary-expr","locations":[{"start":{"line":51,"column":49},"end":{"line":51,"column":68}},{"start":{"line":51,"column":66},"end":{"line":51,"column":68}}]},"5":{"loc":{"start":{"line":52,"column":32},"end":{"line":52,"column":86}},"type":"binary-expr","locations":[{"start":{"line":52,"column":32},"end":{"line":52,"column":51}},{"start":{"line":52,"column":55},"end":{"line":52,"column":85}}]},"6":{"loc":{"start":{"line":52,"column":55},"end":{"line":52,"column":85}},"type":"cond-expr","locations":[{"start":{"line":52,"column":72},"end":{"line":52,"column":74}},{"start":{"line":52,"column":72},"end":{"line":52,"column":85}}]},"7":{"loc":{"start":{"line":52,"column":55},"end":{"line":52,"column":74}},"type":"binary-expr","locations":[{"start":{"line":52,"column":55},"end":{"line":52,"column":74}},{"start":{"line":52,"column":72},"end":{"line":52,"column":74}}]},"8":{"loc":{"start":{"line":54,"column":4},"end":{"line":56,"column":5}},"type":"if","locations":[{"start":{"line":54,"column":4},"end":{"line":56,"column":5}}]},"9":{"loc":{"start":{"line":57,"column":4},"end":{"line":59,"column":5}},"type":"if","locations":[{"start":{"line":57,"column":4},"end":{"line":59,"column":5}}]},"10":{"loc":{"start":{"line":62,"column":4},"end":{"line":64,"column":5}},"type":"if","locations":[{"start":{"line":62,"column":4},"end":{"line":64,"column":5}}]},"11":{"loc":{"start":{"line":77,"column":4},"end":{"line":79,"column":5}},"type":"if","locations":[{"start":{"line":77,"column":4},"end":{"line":79,"column":5}}]},"12":{"loc":{"start":{"line":77,"column":8},"end":{"line":77,"column":108}},"type":"binary-expr","locations":[{"start":{"line":77,"column":8},"end":{"line":77,"column":18}},{"start":{"line":77,"column":23},"end":{"line":77,"column":38}},{"start":{"line":77,"column":43},"end":{"line":77,"column":75}},{"start":{"line":77,"column":79},"end":{"line":77,"column":106}}]}},"s":{"0":1,"1":1,"2":1,"3":1,"4":1,"5":11,"6":12,"7":12,"8":4,"9":4,"10":4,"11":4,"12":4,"13":4,"14":0,"15":12,"16":20,"17":20,"18":20,"19":2,"20":18,"21":2,"22":16,"23":2,"24":14,"25":11,"26":8,"27":8,"28":2,"29":6,"30":6,"31":9,"32":6,"33":6,"34":6,"35":1},"f":{"0":1,"1":11,"2":12,"3":20,"4":11,"5":9},"b":{"0":[12],"1":[4,4,4,0],"2":[20,8],"3":[2,6],"4":[8,8],"5":[20,8],"6":[0,8],"7":[8,8],"8":[2],"9":[2],"10":[2],"11":[2],"12":[8,2,1,1]}}
,"/Users/lemon/Documents/codes/others/baselib/src/utils/_utils.ts": {"path":"/Users/lemon/Documents/codes/others/baselib/src/utils/_utils.ts","statementMap":{"0":{"start":{"line":1,"column":0},"end":{"line":1,"column":28}},"1":{"start":{"line":9,"column":0},"end":{"line":35,"column":3}},"2":{"start":{"line":10,"column":25},"end":{"line":10,"column":64}},"3":{"start":{"line":10,"column":44},"end":{"line":10,"column":63}},"4":{"start":{"line":13,"column":4},"end":{"line":15,"column":5}},"5":{"start":{"line":14,"column":6},"end":{"line":14,"column":33}},"6":{"start":{"line":17,"column":4},"end":{"line":20,"column":7}},"7":{"start":{"line":18,"column":16},"end":{"line":18,"column":38}},"8":{"start":{"line":18,"column":44},"end":{"line":18,"column":74}},"9":{"start":{"line":19,"column":6},"end":{"line":19,"column":28}},"10":{"start":{"line":25,"column":4},"end":{"line":32,"column":5}},"11":{"start":{"line":25,"column":17},"end":{"line":25,"column":18}},"12":{"start":{"line":26,"column":6},"end":{"line":31,"column":7}},"13":{"start":{"line":27,"column":8},"end":{"line":27,"column":26}},"14":{"start":{"line":29,"column":8},"end":{"line":29,"column":22}},"15":{"start":{"line":30,"column":8},"end":{"line":30,"column":58}},"16":{"start":{"line":30,"column":32},"end":{"line":30,"column":58}},"17":{"start":{"line":33,"column":4},"end":{"line":33,"column":18}},"18":{"start":{"line":38,"column":13},"end":{"line":38,"column":24}},"19":{"start":{"line":39,"column":0},"end":{"line":39,"column":17}}},"fnMap":{"0":{"name":"(anonymous_1)","decl":{"start":{"line":10,"column":9},"end":{"line":10,"column":10}},"loc":{"start":{"line":10,"column":25},"end":{"line":10,"column":64}}},"1":{"name":"(anonymous_2)","decl":{"start":{"line":10,"column":37},"end":{"line":10,"column":40}},"loc":{"start":{"line":10,"column":44},"end":{"line":10,"column":63}}},"2":{"name":"(anonymous_3)","decl":{"start":{"line":12,"column":8},"end":{"line":12,"column":11}},"loc":{"start":{"line":12,"column":13},"end":{"line":21,"column":3}}},"3":{"name":"(anonymous_4)","decl":{"start":{"line":17,"column":67},"end":{"line":17,"column":76}},"loc":{"start":{"line":17,"column":77},"end":{"line":20,"column":5}}},"4":{"name":"(anonymous_5)","decl":{"start":{"line":23,"column":9},"end":{"line":23,"column":14}},"loc":{"start":{"line":23,"column":81},"end":{"line":34,"column":3}}}},"branchMap":{"0":{"loc":{"start":{"line":13,"column":4},"end":{"line":15,"column":5}},"type":"if","locations":[{"start":{"line":13,"column":4},"end":{"line":15,"column":5}}]},"1":{"loc":{"start":{"line":13,"column":8},"end":{"line":13,"column":58}},"type":"binary-expr","locations":[{"start":{"line":13,"column":8},"end":{"line":13,"column":37}},{"start":{"line":13,"column":41},"end":{"line":13,"column":58}}]},"2":{"loc":{"start":{"line":18,"column":44},"end":{"line":18,"column":74}},"type":"cond-expr","locations":[{"start":{"line":18,"column":55},"end":{"line":18,"column":56}},{"start":{"line":18,"column":60},"end":{"line":18,"column":73}}]},"3":{"loc":{"start":{"line":23,"column":56},"end":{"line":23,"column":65}},"type":"default-arg","locations":[{"start":{"line":23,"column":64},"end":{"line":23,"column":65}}]},"4":{"loc":{"start":{"line":30,"column":8},"end":{"line":30,"column":58}},"type":"if","locations":[{"start":{"line":30,"column":8},"end":{"line":30,"column":58}}]},"5":{"loc":{"start":{"line":30,"column":12},"end":{"line":30,"column":30}},"type":"binary-expr","locations":[{"start":{"line":30,"column":12},"end":{"line":30,"column":21}},{"start":{"line":30,"column":25},"end":{"line":30,"column":30}}]}},"s":{"0":1,"1":1,"2":6,"3":6,"4":4,"5":3,"6":1,"7":31,"8":31,"9":31,"10":4,"11":4,"12":9,"13":9,"14":7,"15":7,"16":5,"17":2,"18":1,"19":1},"f":{"0":6,"1":6,"2":4,"3":31,"4":4},"b":{"0":[3],"1":[4,4],"2":[30,1],"3":[1],"4":[5],"5":[7,5]}}
,"/Users/lemon/Documents/codes/others/baselib/src/utils/date.util.ts": {"path":"/Users/lemon/Documents/codes/others/baselib/src/utils/date.util.ts","statementMap":{"0":{"start":{"line":1,"column":0},"end":{"line":1,"column":null}},"1":{"start":{"line":22,"column":0},"end":{"line":22,"column":75}},"2":{"start":{"line":26,"column":52},"end":{"line":29,"column":2}},"3":{"start":{"line":43,"column":4},"end":{"line":45,"column":5}},"4":{"start":{"line":44,"column":6},"end":{"line":44,"column":31}},"5":{"start":{"line":54,"column":4},"end":{"line":54,"column":64}},"6":{"start":{"line":62,"column":4},"end":{"line":62,"column":29}},"7":{"start":{"line":70,"column":17},"end":{"line":70,"column":27}},"8":{"start":{"line":71,"column":4},"end":{"line":71,"column":48}},"9":{"start":{"line":81,"column":4},"end":{"line":81,"column":62}},"10":{"start":{"line":91,"column":4},"end":{"line":91,"column":48}},"11":{"start":{"line":101,"column":4},"end":{"line":101,"column":33}},"12":{"start":{"line":111,"column":4},"end":{"line":111,"column":33}},"13":{"start":{"line":121,"column":4},"end":{"line":121,"column":35}},"14":{"start":{"line":131,"column":4},"end":{"line":131,"column":35}},"15":{"start":{"line":141,"column":4},"end":{"line":141,"column":39}},"16":{"start":{"line":151,"column":4},"end":{"line":151,"column":39}},"17":{"start":{"line":160,"column":22},"end":{"line":160,"column":58}},"18":{"start":{"line":161,"column":4},"end":{"line":161,"column":33}},"19":{"start":{"line":170,"column":22},"end":{"line":170,"column":58}},"20":{"start":{"line":171,"column":4},"end":{"line":171,"column":31}},"21":{"start":{"line":180,"column":22},"end":{"line":180,"column":58}},"22":{"start":{"line":181,"column":23},"end":{"line":181,"column":65}},"23":{"start":{"line":182,"column":4},"end":{"line":182,"column":46}},"24":{"start":{"line":192,"column":19},"end":{"line":192,"column":52}},"25":{"start":{"line":193,"column":19},"end":{"line":193,"column":52}},"26":{"start":{"line":194,"column":4},"end":{"line":194,"column":39}},"27":{"start":{"line":203,"column":22},"end":{"line":203,"column":58}},"28":{"start":{"line":204,"column":18},"end":{"line":204,"column":41}},"29":{"start":{"line":205,"column":4},"end":{"line":205,"column":51}},"30":{"start":{"line":214,"column":22},"end":{"line":214,"column":58}},"31":{"start":{"line":215,"column":16},"end":{"line":215,"column":37}},"32":{"start":{"line":216,"column":4},"end":{"line":216,"column":49}},"33":{"start":{"line":226,"column":4},"end":{"line":226,"column":28}},"34":{"start":{"line":236,"column":17},"end":{"line":236,"column":80}},"35":{"start":{"line":237,"column":4},"end":{"line":237,"column":52}},"36":{"start":{"line":246,"column":4},"end":{"line":246,"column":29}},"37":{"start":{"line":255,"column":4},"end":{"line":255,"column":30}},"38":{"start":{"line":264,"column":4},"end":{"line":264,"column":30}},"39":{"start":{"line":274,"column":19},"end":{"line":274,"column":52}},"40":{"start":{"line":275,"column":19},"end":{"line":275,"column":52}},"41":{"start":{"line":276,"column":4},"end":{"line":276,"column":40}},"42":{"start":{"line":286,"column":19},"end":{"line":286,"column":52}},"43":{"start":{"line":287,"column":19},"end":{"line":287,"column":52}},"44":{"start":{"line":288,"column":4},"end":{"line":288,"column":42}},"45":{"start":{"line":298,"column":19},"end":{"line":298,"column":52}},"46":{"start":{"line":299,"column":19},"end":{"line":299,"column":52}},"47":{"start":{"line":300,"column":4},"end":{"line":300,"column":42}},"48":{"start":{"line":35,"column":0},"end":{"line":35,"column":13}},"49":{"start":{"line":36,"column":17},"end":{"line":36,"column":85}}},"fnMap":{"0":{"name":"(anonymous_0)","decl":{"start":{"line":42,"column":2},"end":{"line":42,"column":14}},"loc":{"start":{"line":42,"column":27},"end":{"line":46,"column":3}}},"1":{"name":"(anonymous_1)","decl":{"start":{"line":52,"column":2},"end":{"line":52,"column":8}},"loc":{"start":{"line":52,"column":33},"end":{"line":55,"column":3}}},"2":{"name":"(anonymous_2)","decl":{"start":{"line":61,"column":2},"end":{"line":61,"column":13}},"loc":{"start":{"line":61,"column":13},"end":{"line":63,"column":3}}},"3":{"name":"(anonymous_3)","decl":{"start":{"line":69,"column":2},"end":{"line":69,"column":5}},"loc":{"start":{"line":69,"column":5},"end":{"line":72,"column":3}}},"4":{"name":"(anonymous_4)","decl":{"start":{"line":80,"column":2},"end":{"line":80,"column":8}},"loc":{"start":{"line":80,"column":60},"end":{"line":82,"column":3}}},"5":{"name":"(anonymous_5)","decl":{"start":{"line":90,"column":2},"end":{"line":90,"column":19}},"loc":{"start":{"line":90,"column":30},"end":{"line":92,"column":3}}},"6":{"name":"(anonymous_6)","decl":{"start":{"line":100,"column":2},"end":{"line":100,"column":9}},"loc":{"start":{"line":100,"column":34},"end":{"line":102,"column":3}}},"7":{"name":"(anonymous_7)","decl":{"start":{"line":110,"column":2},"end":{"line":110,"column":9}},"loc":{"start":{"line":110,"column":34},"end":{"line":112,"column":3}}},"8":{"name":"(anonymous_8)","decl":{"start":{"line":120,"column":2},"end":{"line":120,"column":10}},"loc":{"start":{"line":120,"column":36},"end":{"line":122,"column":3}}},"9":{"name":"(anonymous_9)","decl":{"start":{"line":130,"column":2},"end":{"line":130,"column":10}},"loc":{"start":{"line":130,"column":36},"end":{"line":132,"column":3}}},"10":{"name":"(anonymous_10)","decl":{"start":{"line":140,"column":2},"end":{"line":140,"column":12}},"loc":{"start":{"line":140,"column":40},"end":{"line":142,"column":3}}},"11":{"name":"(anonymous_11)","decl":{"start":{"line":150,"column":2},"end":{"line":150,"column":12}},"loc":{"start":{"line":150,"column":40},"end":{"line":152,"column":3}}},"12":{"name":"(anonymous_12)","decl":{"start":{"line":159,"column":2},"end":{"line":159,"column":10}},"loc":{"start":{"line":159,"column":21},"end":{"line":162,"column":3}}},"13":{"name":"(anonymous_13)","decl":{"start":{"line":169,"column":2},"end":{"line":169,"column":8}},"loc":{"start":{"line":169,"column":19},"end":{"line":172,"column":3}}},"14":{"name":"(anonymous_14)","decl":{"start":{"line":179,"column":2},"end":{"line":179,"column":9}},"loc":{"start":{"line":179,"column":20},"end":{"line":183,"column":3}}},"15":{"name":"(anonymous_15)","decl":{"start":{"line":191,"column":2},"end":{"line":191,"column":11}},"loc":{"start":{"line":191,"column":28},"end":{"line":195,"column":3}}},"16":{"name":"(anonymous_16)","decl":{"start":{"line":202,"column":2},"end":{"line":202,"column":12}},"loc":{"start":{"line":202,"column":23},"end":{"line":206,"column":3}}},"17":{"name":"(anonymous_17)","decl":{"start":{"line":213,"column":2},"end":{"line":213,"column":10}},"loc":{"start":{"line":213,"column":21},"end":{"line":217,"column":3}}},"18":{"name":"(anonymous_18)","decl":{"start":{"line":225,"column":2},"end":{"line":225,"column":14}},"loc":{"start":{"line":225,"column":31},"end":{"line":227,"column":3}}},"19":{"name":"(anonymous_19)","decl":{"start":{"line":235,"column":2},"end":{"line":235,"column":13}},"loc":{"start":{"line":235,"column":30},"end":{"line":238,"column":3}}},"20":{"name":"(anonymous_20)","decl":{"start":{"line":245,"column":2},"end":{"line":245,"column":8}},"loc":{"start":{"line":245,"column":19},"end":{"line":247,"column":3}}},"21":{"name":"(anonymous_21)","decl":{"start":{"line":254,"column":2},"end":{"line":254,"column":10}},"loc":{"start":{"line":254,"column":23},"end":{"line":256,"column":3}}},"22":{"name":"(anonymous_22)","decl":{"start":{"line":263,"column":2},"end":{"line":263,"column":12}},"loc":{"start":{"line":263,"column":23},"end":{"line":265,"column":3}}},"23":{"name":"(anonymous_23)","decl":{"start":{"line":273,"column":2},"end":{"line":273,"column":12}},"loc":{"start":{"line":273,"column":29},"end":{"line":277,"column":3}}},"24":{"name":"(anonymous_24)","decl":{"start":{"line":285,"column":2},"end":{"line":285,"column":14}},"loc":{"start":{"line":285,"column":31},"end":{"line":289,"column":3}}},"25":{"name":"(anonymous_25)","decl":{"start":{"line":297,"column":2},"end":{"line":297,"column":14}},"loc":{"start":{"line":297,"column":31},"end":{"line":301,"column":3}}}},"branchMap":{"0":{"loc":{"start":{"line":43,"column":4},"end":{"line":45,"column":5}},"type":"if","locations":[{"start":{"line":43,"column":4},"end":{"line":45,"column":5}}]},"1":{"loc":{"start":{"line":54,"column":24},"end":{"line":54,"column":63}},"type":"binary-expr","locations":[{"start":{"line":54,"column":24},"end":{"line":54,"column":57}},{"start":{"line":54,"column":61},"end":{"line":54,"column":63}}]},"2":{"loc":{"start":{"line":80,"column":21},"end":{"line":80,"column":60}},"type":"default-arg","locations":[{"start":{"line":80,"column":39},"end":{"line":80,"column":60}}]}},"s":{"0":1,"1":1,"2":1,"3":11,"4":7,"5":19,"6":3,"7":1,"8":1,"9":1,"10":0,"11":1,"12":0,"13":0,"14":0,"15":0,"16":0,"17":2,"18":2,"19":0,"20":0,"21":0,"22":0,"23":0,"24":0,"25":0,"26":0,"27":1,"28":1,"29":1,"30":0,"31":0,"32":0,"33":0,"34":0,"35":0,"36":0,"37":0,"38":0,"39":2,"40":2,"41":2,"42":2,"43":2,"44":2,"45":2,"46":2,"47":2,"48":1,"49":1},"f":{"0":11,"1":19,"2":3,"3":1,"4":1,"5":0,"6":1,"7":0,"8":0,"9":0,"10":0,"11":0,"12":2,"13":0,"14":0,"15":0,"16":1,"17":0,"18":0,"19":0,"20":0,"21":0,"22":0,"23":2,"24":2,"25":2},"b":{"0":[7],"1":[19,19],"2":[0]}}
,"/Users/lemon/Documents/codes/others/baselib/src/utils/index.ts": {"path":"/Users/lemon/Documents/codes/others/baselib/src/utils/index.ts","statementMap":{"0":{"start":{"line":1,"column":0},"end":{"line":1,"column":9}},"1":{"start":{"line":1,"column":9},"end":{"line":1,"column":39}},"2":{"start":{"line":2,"column":0},"end":{"line":2,"column":9}},"3":{"start":{"line":2,"column":9},"end":{"line":2,"column":29}},"4":{"start":{"line":4,"column":0},"end":{"line":4,"column":39}},"5":{"start":{"line":5,"column":0},"end":{"line":5,"column":29}},"6":{"start":{"line":7,"column":13},"end":{"line":10,"column":2}}},"fnMap":{"0":{"name":"(anonymous_0)","decl":{"start":{"line":1,"column":9},"end":{"line":1,"column":17}},"loc":{"start":{"line":1,"column":9},"end":{"line":1,"column":39}}},"1":{"name":"(anonymous_1)","decl":{"start":{"line":2,"column":9},"end":{"line":2,"column":10}},"loc":{"start":{"line":2,"column":9},"end":{"line":2,"column":29}}}},"branchMap":{},"s":{"0":1,"1":1,"2":1,"3":12,"4":1,"5":1,"6":1},"f":{"0":0,"1":11},"b":{}}
,"/Users/lemon/Documents/codes/others/baselib/src/validator/index.ts": {"path":"/Users/lemon/Documents/codes/others/baselib/src/validator/index.ts","statementMap":{"0":{"start":{"line":1,"column":0},"end":{"line":1,"column":9}},"1":{"start":{"line":1,"column":9},"end":{"line":1,"column":21}},"2":{"start":{"line":2,"column":0},"end":{"line":2,"column":9}},"3":{"start":{"line":2,"column":9},"end":{"line":2,"column":39}},"4":{"start":{"line":3,"column":0},"end":{"line":3,"column":24}}},"fnMap":{"0":{"name":"(anonymous_5)","decl":{"start":{"line":1,"column":9},"end":{"line":1,"column":16}},"loc":{"start":{"line":1,"column":9},"end":{"line":1,"column":21}}},"1":{"name":"(anonymous_6)","decl":{"start":{"line":2,"column":9},"end":{"line":2,"column":17}},"loc":{"start":{"line":2,"column":9},"end":{"line":2,"column":39}}}},"branchMap":{},"s":{"0":1,"1":14,"2":1,"3":3,"4":1},"f":{"0":13,"1":2},"b":{}}
,"/Users/lemon/Documents/codes/others/baselib/src/validator/v.ts": {"path":"/Users/lemon/Documents/codes/others/baselib/src/validator/v.ts","statementMap":{"0":{"start":{"line":1,"column":0},"end":{"line":1,"column":24}},"1":{"start":{"line":2,"column":0},"end":{"line":2,"column":37}},"2":{"start":{"line":7,"column":4},"end":{"line":19,"column":2}},"3":{"start":{"line":9,"column":19},"end":{"line":9,"column":41}},"4":{"start":{"line":10,"column":19},"end":{"line":10,"column":41}},"5":{"start":{"line":11,"column":4},"end":{"line":13,"column":5}},"6":{"start":{"line":12,"column":6},"end":{"line":12,"column":89}},"7":{"start":{"line":14,"column":4},"end":{"line":14,"column":23}},"8":{"start":{"line":17,"column":4},"end":{"line":17,"column":52}},"9":{"start":{"line":22,"column":9},"end":{"line":22,"column":10}},"10":{"start":{"line":21,"column":0},"end":{"line":21,"column":17}}},"fnMap":{"0":{"name":"(anonymous_0)","decl":{"start":{"line":8,"column":2},"end":{"line":8,"column":10}},"loc":{"start":{"line":8,"column":66},"end":{"line":15,"column":3}}},"1":{"name":"(anonymous_1)","decl":{"start":{"line":16,"column":2},"end":{"line":16,"column":9}},"loc":{"start":{"line":16,"column":23},"end":{"line":18,"column":3}}}},"branchMap":{"0":{"loc":{"start":{"line":11,"column":4},"end":{"line":13,"column":5}},"type":"if","locations":[{"start":{"line":11,"column":4},"end":{"line":13,"column":5}}]}},"s":{"0":1,"1":1,"2":1,"3":3,"4":3,"5":3,"6":2,"7":1,"8":0,"9":1,"10":1},"f":{"0":3,"1":0},"b":{"0":[2]}}
,"/Users/lemon/Documents/codes/others/baselib/src/validator/validator.ts": {"path":"/Users/lemon/Documents/codes/others/baselib/src/validator/validator.ts","statementMap":{"0":{"start":{"line":4,"column":0},"end":{"line":4,"column":16}},"1":{"start":{"line":2,"column":0},"end":{"line":2,"column":37}},"2":{"start":{"line":5,"column":17},"end":{"line":5,"column":39}},"3":{"start":{"line":6,"column":2},"end":{"line":8,"column":3}},"4":{"start":{"line":7,"column":4},"end":{"line":7,"column":87}},"5":{"start":{"line":9,"column":2},"end":{"line":9,"column":21}}},"fnMap":{"0":{"name":"validate","decl":{"start":{"line":4,"column":16},"end":{"line":4,"column":24}},"loc":{"start":{"line":4,"column":73},"end":{"line":10,"column":1}}}},"branchMap":{"0":{"loc":{"start":{"line":6,"column":2},"end":{"line":8,"column":3}},"type":"if","locations":[{"start":{"line":6,"column":2},"end":{"line":8,"column":3}}]}},"s":{"0":1,"1":1,"2":2,"3":2,"4":1,"5":1},"f":{"0":2},"b":{"0":[1]}}
}
