TN:
SF:src/config/config.manager.ts
FN:6,ensureDotenvLoaded
FN:22,(anonymous_1)
FN:36,(anonymous_2)
FN:47,(anonymous_3)
FN:57,(anonymous_4)
FN:59,(anonymous_5)
FN:71,(anonymous_6)
FNF:7
FNH:7
FNDA:11,ensureDotenvLoaded
FNDA:2,(anonymous_1)
FNDA:2,(anonymous_2)
FNDA:2,(anonymous_3)
FNDA:3,(anonymous_4)
FNDA:5,(anonymous_5)
FNDA:2,(anonymous_6)
DA:4,1
DA:7,11
DA:10,1
DA:11,1
DA:15,1
DA:23,2
DA:24,2
DA:25,2
DA:26,1
DA:28,1
DA:37,2
DA:38,2
DA:48,2
DA:49,2
DA:58,3
DA:59,5
DA:60,3
DA:61,2
DA:72,2
DA:73,2
LF:20
LH:20
BRDA:7,0,0,1
BRDA:25,1,0,1
BRDA:49,2,0,1
BRDA:49,2,1,1
BRDA:49,3,0,2
BRDA:49,3,1,2
BRDA:60,4,0,2
BRF:7
BRH:7
end_of_record
