TN:
SF:src/config/config.manager.ts
FN:8,loadDotenv
FN:23,(anonymous_1)
FN:44,(anonymous_2)
FN:59,(anonymous_3)
FN:73,(anonymous_4)
FN:81,(anonymous_5)
FNF:6
FNH:6
FNDA:11,loadDotenv
FNDA:9,(anonymous_1)
FNDA:5,(anonymous_2)
FNDA:4,(anonymous_3)
FNDA:2,(anonymous_4)
FNDA:10,(anonymous_5)
DA:2,1
DA:5,1
DA:6,1
DA:9,11
DA:10,9
DA:11,9
DA:15,1
DA:24,9
DA:25,9
DA:26,9
DA:27,2
DA:34,7
DA:35,7
DA:45,5
DA:46,2
DA:47,2
DA:48,2
DA:49,0
DA:51,3
DA:60,4
DA:61,0
DA:62,0
DA:64,4
DA:74,2
DA:75,2
DA:82,10
DA:83,10
DA:85,10
LF:28
LH:25
BRDA:9,0,0,9
BRDA:26,1,0,2
BRDA:45,2,0,2
BRDA:48,3,0,2
BRDA:60,4,0,0
BRDA:75,5,0,1
BRDA:75,5,1,1
BRDA:75,6,0,2
BRDA:75,6,1,2
BRF:9
BRH:8
end_of_record
TN:
SF:src/email/email.manager.ts
FN:9,(anonymous_0)
FN:12,(anonymous_1)
FN:15,(anonymous_2)
FN:18,(anonymous_3)
FN:21,(anonymous_4)
FNF:5
FNH:3
FNDA:5,(anonymous_0)
FNDA:4,(anonymous_1)
FNDA:0,(anonymous_2)
FNDA:0,(anonymous_3)
FNDA:3,(anonymous_4)
DA:2,1
DA:3,1
DA:5,1
DA:6,1
DA:8,1
DA:10,5
DA:13,4
DA:16,0
DA:19,0
DA:22,3
DA:23,1
DA:25,2
DA:26,2
DA:28,1
DA:29,1
DA:31,0
LF:16
LH:13
BRDA:22,0,0,1
BRDA:28,1,0,1
BRF:2
BRH:2
end_of_record
TN:
SF:src/email/index.ts
FNF:0
FNH:0
DA:1,1
DA:2,1
DA:3,1
DA:4,1
LF:4
LH:4
BRF:0
BRH:0
end_of_record
TN:
SF:src/email/providers/sendgrid.provider.ts
FN:12,(anonymous_1)
FN:17,(anonymous_2)
FNF:2
FNH:2
FNDA:5,(anonymous_1)
FNDA:4,(anonymous_2)
DA:1,2
DA:9,2
DA:12,5
DA:13,5
DA:14,5
DA:18,4
DA:19,4
DA:29,4
DA:30,3
DA:31,3
DA:33,1
LF:11
LH:11
BRDA:21,0,0,4
BRDA:21,0,1,3
BRDA:30,1,0,3
BRDA:30,1,1,0
BRF:4
BRH:3
end_of_record
TN:
SF:src/email/providers/smtp.provider.ts
FN:16,(anonymous_1)
FN:26,(anonymous_2)
FNF:2
FNH:2
FNDA:5,(anonymous_1)
FNDA:4,(anonymous_2)
DA:1,2
DA:12,2
DA:17,5
DA:23,5
DA:27,4
DA:28,4
DA:38,3
DA:40,1
LF:8
LH:8
BRDA:20,0,0,5
BRDA:20,0,1,0
BRDA:20,1,0,5
BRDA:20,1,1,5
BRDA:29,2,0,4
BRDA:29,2,1,3
BRF:6
BRH:5
end_of_record
TN:
SF:src/errors/app-error.ts
FN:9,(anonymous_0)
FNF:1
FNH:1
FNDA:35,(anonymous_0)
DA:1,5
DA:3,5
DA:15,35
DA:16,35
DA:17,35
DA:18,35
DA:19,35
DA:20,35
DA:21,35
LF:9
LH:9
BRDA:11,0,0,1
BRDA:12,1,0,17
BRDA:21,2,0,0
BRDA:21,2,1,35
BRDA:21,3,0,35
BRDA:21,3,1,35
BRF:6
BRH:5
end_of_record
TN:
SF:src/errors/error.handler.ts
FN:12,handleError
FNF:1
FNH:1
FNDA:3,handleError
DA:1,4
DA:2,4
DA:12,4
DA:22,3
DA:23,1
DA:24,2
DA:25,1
DA:27,1
DA:30,3
DA:31,1
DA:40,3
DA:41,0
DA:44,3
LF:13
LH:12
BRDA:14,0,0,2
BRDA:22,1,0,1
BRDA:22,1,1,2
BRDA:24,2,0,1
BRDA:24,2,1,1
BRDA:30,3,0,1
BRDA:40,4,0,0
BRF:7
BRH:6
end_of_record
TN:
SF:src/errors/error.types.ts
FN:1,(anonymous_0)
FNF:1
FNH:1
FNDA:5,(anonymous_0)
DA:1,5
DA:2,5
DA:3,5
DA:4,5
DA:5,5
LF:5
LH:5
BRDA:1,0,0,5
BRDA:1,0,1,5
BRF:2
BRH:2
end_of_record
TN:
SF:src/errors/index.ts
FN:1,(anonymous_0)
FN:2,(anonymous_1)
FN:3,(anonymous_2)
FNF:3
FNH:3
FNDA:28,(anonymous_0)
FNDA:26,(anonymous_1)
FNDA:3,(anonymous_2)
DA:1,32
DA:2,30
DA:3,7
LF:3
LH:3
BRF:0
BRH:0
end_of_record
TN:
SF:src/jwt/index.ts
FNF:0
FNH:0
DA:1,1
DA:3,1
DA:4,1
LF:3
LH:3
BRF:0
BRH:0
end_of_record
TN:
SF:src/jwt/jwt.manager.ts
FN:10,(anonymous_9)
FN:22,(anonymous_10)
FN:26,(anonymous_11)
FN:39,(anonymous_12)
FN:51,(anonymous_13)
FN:71,(anonymous_14)
FN:84,(anonymous_15)
FN:98,(anonymous_16)
FN:99,(anonymous_17)
FNF:9
FNH:9
FNDA:1,(anonymous_9)
FNDA:6,(anonymous_10)
FNDA:19,(anonymous_11)
FNDA:10,(anonymous_12)
FNDA:9,(anonymous_13)
FNDA:3,(anonymous_14)
FNDA:7,(anonymous_15)
FNDA:4,(anonymous_16)
FNDA:4,(anonymous_17)
DA:1,1
DA:4,1
DA:5,1
DA:7,1
DA:8,1
DA:12,1
DA:13,1
DA:14,1
DA:15,0
DA:23,6
DA:27,19
DA:28,4
DA:30,15
DA:40,10
DA:41,8
DA:52,9
DA:53,7
DA:54,7
DA:56,4
DA:57,2
DA:59,2
DA:60,2
DA:62,0
DA:72,3
DA:73,3
DA:74,0
DA:76,3
DA:85,7
DA:86,7
DA:87,4
DA:89,3
DA:99,4
DA:100,4
DA:102,4
DA:103,1
DA:106,3
DA:107,3
DA:108,1
DA:109,1
DA:111,2
LF:40
LH:37
BRDA:14,0,0,0
BRDA:27,1,0,4
BRDA:56,2,0,2
BRDA:59,3,0,2
BRDA:73,4,0,0
BRDA:86,5,0,4
BRDA:86,6,0,7
BRDA:86,6,1,5
BRDA:102,7,0,1
BRF:9
BRH:7
end_of_record
TN:
SF:src/logger/index.ts
FN:1,(anonymous_0)
FNF:1
FNH:1
FNDA:14,(anonymous_0)
DA:1,15
LF:1
LH:1
BRF:0
BRH:0
end_of_record
TN:
SF:src/logger/logger.manager.ts
FN:6,createLogger
FN:19,(anonymous_2)
FN:20,(anonymous_3)
FN:21,(anonymous_4)
FN:22,(anonymous_5)
FN:23,(anonymous_6)
FN:29,getLogger
FNF:7
FNH:7
FNDA:2,createLogger
FNDA:2,(anonymous_2)
FNDA:2,(anonymous_3)
FNDA:1,(anonymous_4)
FNDA:1,(anonymous_5)
FNDA:1,(anonymous_6)
FNDA:1,getLogger
DA:1,1
DA:4,1
DA:7,2
DA:8,2
DA:16,2
DA:18,2
DA:19,2
DA:20,2
DA:21,1
DA:22,1
DA:23,1
DA:26,2
DA:29,1
DA:30,1
DA:31,1
DA:33,1
DA:36,1
LF:17
LH:17
BRDA:6,0,0,1
BRDA:7,1,0,2
BRDA:7,1,1,2
BRDA:9,2,0,2
BRDA:9,2,1,2
BRDA:11,3,0,2
BRDA:11,3,1,0
BRDA:16,4,0,1
BRDA:16,4,1,1
BRDA:19,5,0,2
BRDA:19,5,1,0
BRDA:20,6,0,2
BRDA:20,6,1,0
BRDA:21,7,0,1
BRDA:21,7,1,0
BRDA:22,8,0,1
BRDA:22,8,1,0
BRDA:30,9,0,1
BRF:18
BRH:13
end_of_record
TN:
SF:src/upload/aws.adapter.ts
FN:7,(anonymous_0)
FN:18,(anonymous_1)
FN:41,(anonymous_2)
FNF:3
FNH:3
FNDA:4,(anonymous_0)
FNDA:2,(anonymous_1)
FNDA:2,(anonymous_2)
DA:1,1
DA:2,1
DA:6,1
DA:8,4
DA:9,4
DA:19,2
DA:21,2
DA:22,0
DA:24,2
DA:26,2
DA:28,2
DA:35,2
DA:37,2
DA:38,2
DA:42,2
DA:44,2
DA:45,0
DA:47,2
DA:49,2
DA:51,2
DA:57,2
DA:58,2
LF:22
LH:20
BRDA:21,0,0,0
BRDA:21,1,0,2
BRDA:21,1,1,2
BRDA:21,1,2,2
BRDA:42,2,0,0
BRDA:44,3,0,0
BRDA:44,4,0,2
BRDA:44,4,1,2
BRDA:44,4,2,2
BRF:9
BRH:6
end_of_record
TN:
SF:src/upload/azure.adapter.ts
FN:6,(anonymous_0)
FN:11,(anonymous_1)
FN:40,(anonymous_2)
FNF:3
FNH:3
FNDA:4,(anonymous_0)
FNDA:2,(anonymous_1)
FNDA:2,(anonymous_2)
DA:1,1
DA:5,1
DA:7,4
DA:8,4
DA:12,2
DA:14,2
DA:15,0
DA:17,2
DA:19,2
DA:20,2
DA:21,2
DA:23,2
DA:25,2
DA:26,2
DA:31,0
DA:36,2
DA:37,2
DA:41,2
DA:43,2
DA:44,0
DA:46,2
DA:48,2
DA:49,2
DA:50,2
DA:52,2
DA:57,2
DA:70,2
DA:72,2
LF:28
LH:25
BRDA:14,0,0,0
BRDA:14,1,0,2
BRDA:14,1,1,2
BRDA:14,1,2,2
BRDA:25,2,0,2
BRDA:25,2,1,0
BRDA:41,3,0,0
BRDA:43,4,0,0
BRDA:43,5,0,2
BRDA:43,5,1,2
BRDA:43,5,2,2
BRF:11
BRH:7
end_of_record
TN:
SF:src/upload/gcp.adapter.ts
FN:6,(anonymous_0)
FN:14,(anonymous_1)
FN:25,(anonymous_2)
FN:48,(anonymous_3)
FNF:4
FNH:4
FNDA:4,(anonymous_0)
FNDA:2,(anonymous_1)
FNDA:2,(anonymous_2)
FNDA:2,(anonymous_3)
DA:1,1
DA:2,1
DA:5,1
DA:7,4
DA:8,4
DA:9,4
DA:11,0
DA:15,2
DA:17,2
DA:18,0
DA:20,2
DA:22,2
DA:23,2
DA:25,2
DA:26,2
DA:32,2
DA:33,2
DA:34,2
DA:38,0
DA:44,2
DA:45,2
DA:49,2
DA:51,2
DA:52,0
DA:54,2
DA:56,2
DA:57,2
DA:59,2
DA:66,2
LF:29
LH:25
BRDA:8,0,0,4
BRDA:17,1,0,0
BRDA:17,2,0,2
BRDA:17,2,1,2
BRDA:17,2,2,2
BRDA:32,3,0,2
BRDA:32,3,1,0
BRDA:49,4,0,0
BRDA:51,5,0,0
BRDA:51,6,0,2
BRDA:51,6,1,2
BRDA:51,6,2,2
BRF:12
BRH:8
end_of_record
TN:
SF:src/upload/upload.manager.ts
FN:23,(anonymous_0)
FN:27,(anonymous_1)
FN:31,(anonymous_2)
FN:50,(anonymous_3)
FN:73,(anonymous_4)
FN:85,(anonymous_5)
FNF:6
FNH:6
FNDA:1,(anonymous_0)
FNDA:11,(anonymous_1)
FNDA:12,(anonymous_2)
FNDA:20,(anonymous_3)
FNDA:11,(anonymous_4)
FNDA:9,(anonymous_5)
DA:14,1
DA:15,1
DA:16,1
DA:17,1
DA:24,1
DA:28,11
DA:32,12
DA:33,12
DA:35,4
DA:36,4
DA:38,4
DA:39,4
DA:41,4
DA:42,4
DA:44,0
DA:47,12
DA:51,20
DA:52,20
DA:54,20
DA:55,2
DA:57,18
DA:58,2
DA:62,16
DA:63,2
DA:66,14
DA:74,11
DA:75,8
DA:77,8
DA:78,2
DA:81,6
DA:82,6
DA:86,9
DA:87,6
DA:89,6
DA:90,6
DA:94,1
LF:36
LH:35
BRDA:32,0,0,12
BRDA:33,1,0,4
BRDA:33,1,1,4
BRDA:33,1,2,4
BRDA:33,1,3,0
BRDA:51,2,0,20
BRDA:51,2,1,8
BRDA:51,3,0,2
BRDA:51,3,1,6
BRDA:51,4,0,8
BRDA:51,4,1,8
BRDA:52,5,0,20
BRDA:52,5,1,8
BRDA:52,6,0,0
BRDA:52,6,1,8
BRDA:52,7,0,8
BRDA:52,7,1,8
BRDA:54,8,0,2
BRDA:57,9,0,2
BRDA:62,10,0,2
BRDA:77,11,0,2
BRDA:77,12,0,8
BRDA:77,12,1,2
BRDA:77,12,2,1
BRDA:77,12,3,1
BRF:25
BRH:23
end_of_record
TN:
SF:src/utils/_utils.ts
FN:10,(anonymous_1)
FN:10,(anonymous_2)
FN:12,(anonymous_3)
FN:17,(anonymous_4)
FN:23,(anonymous_5)
FNF:5
FNH:5
FNDA:6,(anonymous_1)
FNDA:6,(anonymous_2)
FNDA:4,(anonymous_3)
FNDA:31,(anonymous_4)
FNDA:4,(anonymous_5)
DA:1,1
DA:9,1
DA:10,6
DA:13,4
DA:14,3
DA:17,1
DA:18,31
DA:19,31
DA:25,4
DA:26,9
DA:27,9
DA:29,7
DA:30,7
DA:33,2
DA:38,1
DA:39,1
LF:16
LH:16
BRDA:13,0,0,3
BRDA:13,1,0,4
BRDA:13,1,1,4
BRDA:18,2,0,30
BRDA:18,2,1,1
BRDA:23,3,0,1
BRDA:30,4,0,5
BRDA:30,5,0,7
BRDA:30,5,1,5
BRF:9
BRH:9
end_of_record
TN:
SF:src/utils/date.util.ts
FN:40,(anonymous_0)
FN:50,(anonymous_1)
FN:59,(anonymous_2)
FN:67,(anonymous_3)
FN:78,(anonymous_4)
FN:88,(anonymous_5)
FN:98,(anonymous_6)
FN:108,(anonymous_7)
FN:118,(anonymous_8)
FN:128,(anonymous_9)
FN:138,(anonymous_10)
FN:148,(anonymous_11)
FN:157,(anonymous_12)
FN:167,(anonymous_13)
FN:177,(anonymous_14)
FN:189,(anonymous_15)
FN:200,(anonymous_16)
FN:211,(anonymous_17)
FN:223,(anonymous_18)
FN:233,(anonymous_19)
FN:243,(anonymous_20)
FN:252,(anonymous_21)
FN:261,(anonymous_22)
FN:271,(anonymous_23)
FN:283,(anonymous_24)
FN:295,(anonymous_25)
FNF:26
FNH:21
FNDA:21,(anonymous_0)
FNDA:26,(anonymous_1)
FNDA:3,(anonymous_2)
FNDA:1,(anonymous_3)
FNDA:1,(anonymous_4)
FNDA:0,(anonymous_5)
FNDA:2,(anonymous_6)
FNDA:1,(anonymous_7)
FNDA:1,(anonymous_8)
FNDA:1,(anonymous_9)
FNDA:1,(anonymous_10)
FNDA:1,(anonymous_11)
FNDA:2,(anonymous_12)
FNDA:2,(anonymous_13)
FNDA:2,(anonymous_14)
FNDA:2,(anonymous_15)
FNDA:0,(anonymous_16)
FNDA:1,(anonymous_17)
FNDA:3,(anonymous_18)
FNDA:3,(anonymous_19)
FNDA:1,(anonymous_20)
FNDA:1,(anonymous_21)
FNDA:4,(anonymous_22)
FNDA:0,(anonymous_23)
FNDA:0,(anonymous_24)
FNDA:0,(anonymous_25)
DA:1,1
DA:19,1
DA:20,1
DA:24,1
DA:33,1
DA:34,1
DA:41,21
DA:42,4
DA:52,26
DA:60,3
DA:68,1
DA:69,1
DA:79,1
DA:89,0
DA:99,2
DA:109,1
DA:119,1
DA:129,1
DA:139,1
DA:149,1
DA:158,2
DA:159,2
DA:168,2
DA:169,2
DA:178,2
DA:179,2
DA:180,2
DA:190,2
DA:191,2
DA:192,2
DA:201,0
DA:202,0
DA:203,0
DA:212,1
DA:213,1
DA:214,1
DA:224,3
DA:234,3
DA:235,3
DA:244,1
DA:253,1
DA:262,4
DA:272,0
DA:273,0
DA:274,0
DA:284,0
DA:285,0
DA:286,0
DA:296,0
DA:297,0
DA:298,0
LF:51
LH:38
BRDA:41,0,0,4
BRDA:52,1,0,26
BRDA:52,1,1,26
BRDA:78,2,0,0
BRF:4
BRH:3
end_of_record
TN:
SF:src/utils/index.ts
FN:1,(anonymous_0)
FN:2,(anonymous_1)
FNF:2
FNH:1
FNDA:0,(anonymous_0)
FNDA:11,(anonymous_1)
DA:1,1
DA:2,12
DA:4,1
DA:5,1
DA:7,1
LF:5
LH:5
BRF:0
BRH:0
end_of_record
TN:
SF:src/validator/index.ts
FN:1,(anonymous_5)
FN:2,(anonymous_6)
FNF:2
FNH:2
FNDA:13,(anonymous_5)
FNDA:2,(anonymous_6)
DA:1,14
DA:2,3
DA:3,1
LF:3
LH:3
BRF:0
BRH:0
end_of_record
TN:
SF:src/validator/v.ts
FN:8,(anonymous_0)
FN:16,(anonymous_1)
FNF:2
FNH:1
FNDA:3,(anonymous_0)
FNDA:0,(anonymous_1)
DA:1,1
DA:2,1
DA:7,1
DA:9,3
DA:10,3
DA:11,3
DA:12,2
DA:14,1
DA:17,0
DA:21,1
DA:22,1
LF:11
LH:10
BRDA:11,0,0,2
BRF:1
BRH:1
end_of_record
TN:
SF:src/validator/validator.ts
FN:4,validate
FNF:1
FNH:1
FNDA:2,validate
DA:2,1
DA:4,1
DA:5,2
DA:6,2
DA:7,1
DA:9,1
LF:6
LH:6
BRDA:6,0,0,1
BRF:1
BRH:1
end_of_record
